[2021-09-25 04:54:37] local.ERROR: Undefined variable: joinMR {"exception":"[object] (ErrorException(code: 0): Undefined variable: joinMR at /var/www/app/Http/Controllers/Account/V1/AuthController.php:113)
[stacktrace]
#0 /var/www/app/Http/Controllers/Account/V1/AuthController.php(113): Laravel\\Lumen\\Application->Laravel\\Lumen\\Concerns\\{closure}(8, 'Undefined varia...', '/var/www/app/Ht...', 113, Array)
#1 /var/www/vendor/illuminate/database/Query/Builder.php(432): App\\Http\\Controllers\\Account\\V1\\AuthController->App\\Http\\Controllers\\Account\\V1\\{closure}(Object(Illuminate\\Database\\Query\\JoinClause))
#2 /var/www/vendor/illuminate/database/Query/Builder.php(504): Illuminate\\Database\\Query\\Builder->join('master.referens...', Object(Closure), NULL, NULL, 'left')
#3 /var/www/vendor/illuminate/support/Traits/ForwardsCalls.php(23): Illuminate\\Database\\Query\\Builder->leftJoin('master.referens...', Object(Closure))
#4 /var/www/vendor/illuminate/database/Eloquent/Builder.php(1425): Illuminate\\Database\\Eloquent\\Builder->forwardCallTo(Object(Illuminate\\Database\\Query\\Builder), 'leftJoin', Array)
#5 /var/www/app/Http/Controllers/Account/V1/AuthController.php(114): Illuminate\\Database\\Eloquent\\Builder->__call('leftJoin', Array)
#6 /var/www/vendor/illuminate/container/BoundMethod.php(36): App\\Http\\Controllers\\Account\\V1\\AuthController->login(Object(Laravel\\Lumen\\Http\\Request))
#7 /var/www/vendor/illuminate/container/Util.php(37): Illuminate\\Container\\BoundMethod::Illuminate\\Container\\{closure}()
#8 /var/www/vendor/illuminate/container/BoundMethod.php(93): Illuminate\\Container\\Util::unwrapIfClosure(Object(Closure))
#9 /var/www/vendor/illuminate/container/BoundMethod.php(37): Illuminate\\Container\\BoundMethod::callBoundMethod(Object(Laravel\\Lumen\\Application), Array, Object(Closure))
#10 /var/www/vendor/illuminate/container/Container.php(596): Illuminate\\Container\\BoundMethod::call(Object(Laravel\\Lumen\\Application), Array, Array, NULL)
#11 /var/www/vendor/laravel/lumen-framework/src/Concerns/RoutesRequests.php(386): Illuminate\\Container\\Container->call(Array, Array)
#12 /var/www/vendor/laravel/lumen-framework/src/Concerns/RoutesRequests.php(352): Laravel\\Lumen\\Application->callControllerCallable(Array, Array)
#13 /var/www/vendor/laravel/lumen-framework/src/Concerns/RoutesRequests.php(326): Laravel\\Lumen\\Application->callLumenController(Object(App\\Http\\Controllers\\Account\\V1\\AuthController), 'login', Array)
#14 /var/www/vendor/laravel/lumen-framework/src/Concerns/RoutesRequests.php(279): Laravel\\Lumen\\Application->callControllerAction(Array)
#15 /var/www/vendor/laravel/lumen-framework/src/Concerns/RoutesRequests.php(264): Laravel\\Lumen\\Application->callActionOnArrayBasedRoute(Array)
#16 /var/www/vendor/laravel/lumen-framework/src/Concerns/RoutesRequests.php(166): Laravel\\Lumen\\Application->handleFoundRoute(Array)
#17 [internal function]: Laravel\\Lumen\\Application->Laravel\\Lumen\\Concerns\\{closure}(Object(Laravel\\Lumen\\Http\\Request))
#18 /var/www/vendor/laravel/lumen-framework/src/Routing/Pipeline.php(48): call_user_func(Object(Closure), Object(Laravel\\Lumen\\Http\\Request))
#19 /var/www/vendor/fruitcake/laravel-cors/src/HandleCors.php(38): Laravel\\Lumen\\Routing\\Pipeline->Laravel\\Lumen\\Routing\\{closure}(Object(Laravel\\Lumen\\Http\\Request))
#20 /var/www/vendor/illuminate/pipeline/Pipeline.php(167): Fruitcake\\Cors\\HandleCors->handle(Object(Laravel\\Lumen\\Http\\Request), Object(Closure))
#21 [internal function]: Illuminate\\Pipeline\\Pipeline->Illuminate\\Pipeline\\{closure}(Object(Laravel\\Lumen\\Http\\Request))
#22 /var/www/vendor/laravel/lumen-framework/src/Routing/Pipeline.php(30): call_user_func(Object(Closure), Object(Laravel\\Lumen\\Http\\Request))
#23 /var/www/vendor/illuminate/pipeline/Pipeline.php(103): Laravel\\Lumen\\Routing\\Pipeline->Laravel\\Lumen\\Routing\\{closure}(Object(Laravel\\Lumen\\Http\\Request))
#24 /var/www/vendor/laravel/lumen-framework/src/Concerns/RoutesRequests.php(423): Illuminate\\Pipeline\\Pipeline->then(Object(Closure))
#25 /var/www/vendor/laravel/lumen-framework/src/Concerns/RoutesRequests.php(172): Laravel\\Lumen\\Application->sendThroughPipeline(Array, Object(Closure))
#26 /var/www/vendor/laravel/lumen-framework/src/Concerns/RoutesRequests.php(109): Laravel\\Lumen\\Application->dispatch(NULL)
#27 /var/www/public/index.php(28): Laravel\\Lumen\\Application->run()
#28 {main}
"} 
