[2021-10-28 03:50:06] local.ERROR: SQLSTATE[42S22]: Column not found: 1054 Unknown column 'mp.nip' in 'field list' (SQL: select `aplikasi`.`users`.`verified`, `aplikasi`.`users`.`email`, `uo`.`tipe_user`, `uo`.`organisasi_id`, `uo`.`pegawai_id`, `mp`.`nip`, `mp`.`nama`, `mp`.`gelar_depan`, `mp`.`gelar_belakang`, `mr`.`kode`, mr.nama as perusahaan from `users` left join `master`.`user_organisasi` as `uo` on `aplikasi`.`users`.`email` = `uo`.`email` left join `master`.`klien_pegawai` as `mp` on `uo`.`pegawai_id` = `mp`.`id` left join `master`.`klien` as `mr` on `mr`.`id` = `uo`.`organisasi_id` where `aplikasi`.`users`.`email` = roni.ahmad@adaro.com limit 1) {"exception":"[object] (Illuminate\\Database\\QueryException(code: 42S22): SQLSTATE[42S22]: Column not found: 1054 Unknown column 'mp.nip' in 'field list' (SQL: select `aplikasi`.`users`.`verified`, `aplikasi`.`users`.`email`, `uo`.`tipe_user`, `uo`.`organisasi_id`, `uo`.`pegawai_id`, `mp`.`nip`, `mp`.`nama`, `mp`.`gelar_depan`, `mp`.`gelar_belakang`, `mr`.`kode`, mr.nama as perusahaan from `users` left join `master`.`user_organisasi` as `uo` on `aplikasi`.`users`.`email` = `uo`.`email` left join `master`.`klien_pegawai` as `mp` on `uo`.`pegawai_id` = `mp`.`id` left join `master`.`klien` as `mr` on `mr`.`id` = `uo`.`organisasi_id` where `aplikasi`.`users`.`email` = roni.ahmad@adaro.com limit 1) at /var/www/vendor/illuminate/database/Connection.php:671)
[stacktrace]
#0 /var/www/vendor/illuminate/database/Connection.php(631): Illuminate\\Database\\Connection->runQueryCallback('select `aplikas...', Array, Object(Closure))
#1 /var/www/vendor/illuminate/database/Connection.php(339): Illuminate\\Database\\Connection->run('select `aplikas...', Array, Object(Closure))
#2 /var/www/vendor/illuminate/database/Query/Builder.php(2270): Illuminate\\Database\\Connection->select('select `aplikas...', Array, true)
#3 /var/www/vendor/illuminate/database/Query/Builder.php(2258): Illuminate\\Database\\Query\\Builder->runSelect()
#4 /var/www/vendor/illuminate/database/Query/Builder.php(2753): Illuminate\\Database\\Query\\Builder->Illuminate\\Database\\Query\\{closure}()
#5 /var/www/vendor/illuminate/database/Query/Builder.php(2259): Illuminate\\Database\\Query\\Builder->onceWithColumns(Array, Object(Closure))
#6 /var/www/vendor/illuminate/database/Eloquent/Builder.php(548): Illuminate\\Database\\Query\\Builder->get(Array)
#7 /var/www/vendor/illuminate/database/Eloquent/Builder.php(532): Illuminate\\Database\\Eloquent\\Builder->getModels(Array)
#8 /var/www/vendor/illuminate/database/Concerns/BuildsQueries.php(143): Illuminate\\Database\\Eloquent\\Builder->get(Array)
#9 /var/www/app/Http/Controllers/Account/V1/ClientAuthController.php(119): Illuminate\\Database\\Eloquent\\Builder->first()
#10 /var/www/vendor/illuminate/container/BoundMethod.php(36): App\\Http\\Controllers\\Account\\V1\\ClientAuthController->login(Object(Laravel\\Lumen\\Http\\Request))
#11 /var/www/vendor/illuminate/container/Util.php(37): Illuminate\\Container\\BoundMethod::Illuminate\\Container\\{closure}()
#12 /var/www/vendor/illuminate/container/BoundMethod.php(93): Illuminate\\Container\\Util::unwrapIfClosure(Object(Closure))
#13 /var/www/vendor/illuminate/container/BoundMethod.php(37): Illuminate\\Container\\BoundMethod::callBoundMethod(Object(Laravel\\Lumen\\Application), Array, Object(Closure))
#14 /var/www/vendor/illuminate/container/Container.php(596): Illuminate\\Container\\BoundMethod::call(Object(Laravel\\Lumen\\Application), Array, Array, NULL)
#15 /var/www/vendor/laravel/lumen-framework/src/Concerns/RoutesRequests.php(386): Illuminate\\Container\\Container->call(Array, Array)
#16 /var/www/vendor/laravel/lumen-framework/src/Concerns/RoutesRequests.php(352): Laravel\\Lumen\\Application->callControllerCallable(Array, Array)
#17 /var/www/vendor/laravel/lumen-framework/src/Concerns/RoutesRequests.php(326): Laravel\\Lumen\\Application->callLumenController(Object(App\\Http\\Controllers\\Account\\V1\\ClientAuthController), 'login', Array)
#18 /var/www/vendor/laravel/lumen-framework/src/Concerns/RoutesRequests.php(279): Laravel\\Lumen\\Application->callControllerAction(Array)
#19 /var/www/vendor/laravel/lumen-framework/src/Concerns/RoutesRequests.php(264): Laravel\\Lumen\\Application->callActionOnArrayBasedRoute(Array)
#20 /var/www/vendor/laravel/lumen-framework/src/Concerns/RoutesRequests.php(166): Laravel\\Lumen\\Application->handleFoundRoute(Array)
#21 [internal function]: Laravel\\Lumen\\Application->Laravel\\Lumen\\Concerns\\{closure}(Object(Laravel\\Lumen\\Http\\Request))
#22 /var/www/vendor/laravel/lumen-framework/src/Routing/Pipeline.php(48): call_user_func(Object(Closure), Object(Laravel\\Lumen\\Http\\Request))
#23 /var/www/vendor/fruitcake/laravel-cors/src/HandleCors.php(38): Laravel\\Lumen\\Routing\\Pipeline->Laravel\\Lumen\\Routing\\{closure}(Object(Laravel\\Lumen\\Http\\Request))
#24 /var/www/vendor/illuminate/pipeline/Pipeline.php(167): Fruitcake\\Cors\\HandleCors->handle(Object(Laravel\\Lumen\\Http\\Request), Object(Closure))
#25 [internal function]: Illuminate\\Pipeline\\Pipeline->Illuminate\\Pipeline\\{closure}(Object(Laravel\\Lumen\\Http\\Request))
#26 /var/www/vendor/laravel/lumen-framework/src/Routing/Pipeline.php(30): call_user_func(Object(Closure), Object(Laravel\\Lumen\\Http\\Request))
#27 /var/www/vendor/illuminate/pipeline/Pipeline.php(103): Laravel\\Lumen\\Routing\\Pipeline->Laravel\\Lumen\\Routing\\{closure}(Object(Laravel\\Lumen\\Http\\Request))
#28 /var/www/vendor/laravel/lumen-framework/src/Concerns/RoutesRequests.php(423): Illuminate\\Pipeline\\Pipeline->then(Object(Closure))
#29 /var/www/vendor/laravel/lumen-framework/src/Concerns/RoutesRequests.php(172): Laravel\\Lumen\\Application->sendThroughPipeline(Array, Object(Closure))
#30 /var/www/vendor/laravel/lumen-framework/src/Concerns/RoutesRequests.php(109): Laravel\\Lumen\\Application->dispatch(NULL)
#31 /var/www/public/index.php(28): Laravel\\Lumen\\Application->run()
#32 {main}

[previous exception] [object] (PDOException(code: 42S22): SQLSTATE[42S22]: Column not found: 1054 Unknown column 'mp.nip' in 'field list' at /var/www/vendor/illuminate/database/Connection.php:331)
[stacktrace]
#0 /var/www/vendor/illuminate/database/Connection.php(331): PDO->prepare('select `aplikas...')
#1 /var/www/vendor/illuminate/database/Connection.php(664): Illuminate\\Database\\Connection->Illuminate\\Database\\{closure}('select `aplikas...', Array)
#2 /var/www/vendor/illuminate/database/Connection.php(631): Illuminate\\Database\\Connection->runQueryCallback('select `aplikas...', Array, Object(Closure))
#3 /var/www/vendor/illuminate/database/Connection.php(339): Illuminate\\Database\\Connection->run('select `aplikas...', Array, Object(Closure))
#4 /var/www/vendor/illuminate/database/Query/Builder.php(2270): Illuminate\\Database\\Connection->select('select `aplikas...', Array, true)
#5 /var/www/vendor/illuminate/database/Query/Builder.php(2258): Illuminate\\Database\\Query\\Builder->runSelect()
#6 /var/www/vendor/illuminate/database/Query/Builder.php(2753): Illuminate\\Database\\Query\\Builder->Illuminate\\Database\\Query\\{closure}()
#7 /var/www/vendor/illuminate/database/Query/Builder.php(2259): Illuminate\\Database\\Query\\Builder->onceWithColumns(Array, Object(Closure))
#8 /var/www/vendor/illuminate/database/Eloquent/Builder.php(548): Illuminate\\Database\\Query\\Builder->get(Array)
#9 /var/www/vendor/illuminate/database/Eloquent/Builder.php(532): Illuminate\\Database\\Eloquent\\Builder->getModels(Array)
#10 /var/www/vendor/illuminate/database/Concerns/BuildsQueries.php(143): Illuminate\\Database\\Eloquent\\Builder->get(Array)
#11 /var/www/app/Http/Controllers/Account/V1/ClientAuthController.php(119): Illuminate\\Database\\Eloquent\\Builder->first()
#12 /var/www/vendor/illuminate/container/BoundMethod.php(36): App\\Http\\Controllers\\Account\\V1\\ClientAuthController->login(Object(Laravel\\Lumen\\Http\\Request))
#13 /var/www/vendor/illuminate/container/Util.php(37): Illuminate\\Container\\BoundMethod::Illuminate\\Container\\{closure}()
#14 /var/www/vendor/illuminate/container/BoundMethod.php(93): Illuminate\\Container\\Util::unwrapIfClosure(Object(Closure))
#15 /var/www/vendor/illuminate/container/BoundMethod.php(37): Illuminate\\Container\\BoundMethod::callBoundMethod(Object(Laravel\\Lumen\\Application), Array, Object(Closure))
#16 /var/www/vendor/illuminate/container/Container.php(596): Illuminate\\Container\\BoundMethod::call(Object(Laravel\\Lumen\\Application), Array, Array, NULL)
#17 /var/www/vendor/laravel/lumen-framework/src/Concerns/RoutesRequests.php(386): Illuminate\\Container\\Container->call(Array, Array)
#18 /var/www/vendor/laravel/lumen-framework/src/Concerns/RoutesRequests.php(352): Laravel\\Lumen\\Application->callControllerCallable(Array, Array)
#19 /var/www/vendor/laravel/lumen-framework/src/Concerns/RoutesRequests.php(326): Laravel\\Lumen\\Application->callLumenController(Object(App\\Http\\Controllers\\Account\\V1\\ClientAuthController), 'login', Array)
#20 /var/www/vendor/laravel/lumen-framework/src/Concerns/RoutesRequests.php(279): Laravel\\Lumen\\Application->callControllerAction(Array)
#21 /var/www/vendor/laravel/lumen-framework/src/Concerns/RoutesRequests.php(264): Laravel\\Lumen\\Application->callActionOnArrayBasedRoute(Array)
#22 /var/www/vendor/laravel/lumen-framework/src/Concerns/RoutesRequests.php(166): Laravel\\Lumen\\Application->handleFoundRoute(Array)
#23 [internal function]: Laravel\\Lumen\\Application->Laravel\\Lumen\\Concerns\\{closure}(Object(Laravel\\Lumen\\Http\\Request))
#24 /var/www/vendor/laravel/lumen-framework/src/Routing/Pipeline.php(48): call_user_func(Object(Closure), Object(Laravel\\Lumen\\Http\\Request))
#25 /var/www/vendor/fruitcake/laravel-cors/src/HandleCors.php(38): Laravel\\Lumen\\Routing\\Pipeline->Laravel\\Lumen\\Routing\\{closure}(Object(Laravel\\Lumen\\Http\\Request))
#26 /var/www/vendor/illuminate/pipeline/Pipeline.php(167): Fruitcake\\Cors\\HandleCors->handle(Object(Laravel\\Lumen\\Http\\Request), Object(Closure))
#27 [internal function]: Illuminate\\Pipeline\\Pipeline->Illuminate\\Pipeline\\{closure}(Object(Laravel\\Lumen\\Http\\Request))
#28 /var/www/vendor/laravel/lumen-framework/src/Routing/Pipeline.php(30): call_user_func(Object(Closure), Object(Laravel\\Lumen\\Http\\Request))
#29 /var/www/vendor/illuminate/pipeline/Pipeline.php(103): Laravel\\Lumen\\Routing\\Pipeline->Laravel\\Lumen\\Routing\\{closure}(Object(Laravel\\Lumen\\Http\\Request))
#30 /var/www/vendor/laravel/lumen-framework/src/Concerns/RoutesRequests.php(423): Illuminate\\Pipeline\\Pipeline->then(Object(Closure))
#31 /var/www/vendor/laravel/lumen-framework/src/Concerns/RoutesRequests.php(172): Laravel\\Lumen\\Application->sendThroughPipeline(Array, Object(Closure))
#32 /var/www/vendor/laravel/lumen-framework/src/Concerns/RoutesRequests.php(109): Laravel\\Lumen\\Application->dispatch(NULL)
#33 /var/www/public/index.php(28): Laravel\\Lumen\\Application->run()
#34 {main}
"} 
[2021-10-28 03:51:31] local.ERROR: SQLSTATE[42S22]: Column not found: 1054 Unknown column 'mp.nip' in 'field list' (SQL: select `aplikasi`.`users`.`verified`, `aplikasi`.`users`.`email`, `uo`.`tipe_user`, `uo`.`organisasi_id`, `uo`.`pegawai_id`, `mp`.`nip`, `mp`.`nama`, `mp`.`gelar_depan`, `mp`.`gelar_belakang`, `mr`.`kode`, mr.nama as perusahaan from `users` left join `master`.`user_organisasi` as `uo` on `aplikasi`.`users`.`email` = `uo`.`email` left join `master`.`klien_pegawai` as `mp` on `uo`.`pegawai_id` = `mp`.`id` left join `master`.`klien` as `mr` on `mr`.`id` = `uo`.`organisasi_id` where `aplikasi`.`users`.`email` = roni.ahmad@adaro.com limit 1) {"exception":"[object] (Illuminate\\Database\\QueryException(code: 42S22): SQLSTATE[42S22]: Column not found: 1054 Unknown column 'mp.nip' in 'field list' (SQL: select `aplikasi`.`users`.`verified`, `aplikasi`.`users`.`email`, `uo`.`tipe_user`, `uo`.`organisasi_id`, `uo`.`pegawai_id`, `mp`.`nip`, `mp`.`nama`, `mp`.`gelar_depan`, `mp`.`gelar_belakang`, `mr`.`kode`, mr.nama as perusahaan from `users` left join `master`.`user_organisasi` as `uo` on `aplikasi`.`users`.`email` = `uo`.`email` left join `master`.`klien_pegawai` as `mp` on `uo`.`pegawai_id` = `mp`.`id` left join `master`.`klien` as `mr` on `mr`.`id` = `uo`.`organisasi_id` where `aplikasi`.`users`.`email` = roni.ahmad@adaro.com limit 1) at /var/www/vendor/illuminate/database/Connection.php:671)
[stacktrace]
#0 /var/www/vendor/illuminate/database/Connection.php(631): Illuminate\\Database\\Connection->runQueryCallback('select `aplikas...', Array, Object(Closure))
#1 /var/www/vendor/illuminate/database/Connection.php(339): Illuminate\\Database\\Connection->run('select `aplikas...', Array, Object(Closure))
#2 /var/www/vendor/illuminate/database/Query/Builder.php(2270): Illuminate\\Database\\Connection->select('select `aplikas...', Array, true)
#3 /var/www/vendor/illuminate/database/Query/Builder.php(2258): Illuminate\\Database\\Query\\Builder->runSelect()
#4 /var/www/vendor/illuminate/database/Query/Builder.php(2753): Illuminate\\Database\\Query\\Builder->Illuminate\\Database\\Query\\{closure}()
#5 /var/www/vendor/illuminate/database/Query/Builder.php(2259): Illuminate\\Database\\Query\\Builder->onceWithColumns(Array, Object(Closure))
#6 /var/www/vendor/illuminate/database/Eloquent/Builder.php(548): Illuminate\\Database\\Query\\Builder->get(Array)
#7 /var/www/vendor/illuminate/database/Eloquent/Builder.php(532): Illuminate\\Database\\Eloquent\\Builder->getModels(Array)
#8 /var/www/vendor/illuminate/database/Concerns/BuildsQueries.php(143): Illuminate\\Database\\Eloquent\\Builder->get(Array)
#9 /var/www/app/Http/Controllers/Account/V1/ClientAuthController.php(119): Illuminate\\Database\\Eloquent\\Builder->first()
#10 /var/www/vendor/illuminate/container/BoundMethod.php(36): App\\Http\\Controllers\\Account\\V1\\ClientAuthController->login(Object(Laravel\\Lumen\\Http\\Request))
#11 /var/www/vendor/illuminate/container/Util.php(37): Illuminate\\Container\\BoundMethod::Illuminate\\Container\\{closure}()
#12 /var/www/vendor/illuminate/container/BoundMethod.php(93): Illuminate\\Container\\Util::unwrapIfClosure(Object(Closure))
#13 /var/www/vendor/illuminate/container/BoundMethod.php(37): Illuminate\\Container\\BoundMethod::callBoundMethod(Object(Laravel\\Lumen\\Application), Array, Object(Closure))
#14 /var/www/vendor/illuminate/container/Container.php(596): Illuminate\\Container\\BoundMethod::call(Object(Laravel\\Lumen\\Application), Array, Array, NULL)
#15 /var/www/vendor/laravel/lumen-framework/src/Concerns/RoutesRequests.php(386): Illuminate\\Container\\Container->call(Array, Array)
#16 /var/www/vendor/laravel/lumen-framework/src/Concerns/RoutesRequests.php(352): Laravel\\Lumen\\Application->callControllerCallable(Array, Array)
#17 /var/www/vendor/laravel/lumen-framework/src/Concerns/RoutesRequests.php(326): Laravel\\Lumen\\Application->callLumenController(Object(App\\Http\\Controllers\\Account\\V1\\ClientAuthController), 'login', Array)
#18 /var/www/vendor/laravel/lumen-framework/src/Concerns/RoutesRequests.php(279): Laravel\\Lumen\\Application->callControllerAction(Array)
#19 /var/www/vendor/laravel/lumen-framework/src/Concerns/RoutesRequests.php(264): Laravel\\Lumen\\Application->callActionOnArrayBasedRoute(Array)
#20 /var/www/vendor/laravel/lumen-framework/src/Concerns/RoutesRequests.php(166): Laravel\\Lumen\\Application->handleFoundRoute(Array)
#21 [internal function]: Laravel\\Lumen\\Application->Laravel\\Lumen\\Concerns\\{closure}(Object(Laravel\\Lumen\\Http\\Request))
#22 /var/www/vendor/laravel/lumen-framework/src/Routing/Pipeline.php(48): call_user_func(Object(Closure), Object(Laravel\\Lumen\\Http\\Request))
#23 /var/www/vendor/fruitcake/laravel-cors/src/HandleCors.php(38): Laravel\\Lumen\\Routing\\Pipeline->Laravel\\Lumen\\Routing\\{closure}(Object(Laravel\\Lumen\\Http\\Request))
#24 /var/www/vendor/illuminate/pipeline/Pipeline.php(167): Fruitcake\\Cors\\HandleCors->handle(Object(Laravel\\Lumen\\Http\\Request), Object(Closure))
#25 [internal function]: Illuminate\\Pipeline\\Pipeline->Illuminate\\Pipeline\\{closure}(Object(Laravel\\Lumen\\Http\\Request))
#26 /var/www/vendor/laravel/lumen-framework/src/Routing/Pipeline.php(30): call_user_func(Object(Closure), Object(Laravel\\Lumen\\Http\\Request))
#27 /var/www/vendor/illuminate/pipeline/Pipeline.php(103): Laravel\\Lumen\\Routing\\Pipeline->Laravel\\Lumen\\Routing\\{closure}(Object(Laravel\\Lumen\\Http\\Request))
#28 /var/www/vendor/laravel/lumen-framework/src/Concerns/RoutesRequests.php(423): Illuminate\\Pipeline\\Pipeline->then(Object(Closure))
#29 /var/www/vendor/laravel/lumen-framework/src/Concerns/RoutesRequests.php(172): Laravel\\Lumen\\Application->sendThroughPipeline(Array, Object(Closure))
#30 /var/www/vendor/laravel/lumen-framework/src/Concerns/RoutesRequests.php(109): Laravel\\Lumen\\Application->dispatch(NULL)
#31 /var/www/public/index.php(28): Laravel\\Lumen\\Application->run()
#32 {main}

[previous exception] [object] (PDOException(code: 42S22): SQLSTATE[42S22]: Column not found: 1054 Unknown column 'mp.nip' in 'field list' at /var/www/vendor/illuminate/database/Connection.php:331)
[stacktrace]
#0 /var/www/vendor/illuminate/database/Connection.php(331): PDO->prepare('select `aplikas...')
#1 /var/www/vendor/illuminate/database/Connection.php(664): Illuminate\\Database\\Connection->Illuminate\\Database\\{closure}('select `aplikas...', Array)
#2 /var/www/vendor/illuminate/database/Connection.php(631): Illuminate\\Database\\Connection->runQueryCallback('select `aplikas...', Array, Object(Closure))
#3 /var/www/vendor/illuminate/database/Connection.php(339): Illuminate\\Database\\Connection->run('select `aplikas...', Array, Object(Closure))
#4 /var/www/vendor/illuminate/database/Query/Builder.php(2270): Illuminate\\Database\\Connection->select('select `aplikas...', Array, true)
#5 /var/www/vendor/illuminate/database/Query/Builder.php(2258): Illuminate\\Database\\Query\\Builder->runSelect()
#6 /var/www/vendor/illuminate/database/Query/Builder.php(2753): Illuminate\\Database\\Query\\Builder->Illuminate\\Database\\Query\\{closure}()
#7 /var/www/vendor/illuminate/database/Query/Builder.php(2259): Illuminate\\Database\\Query\\Builder->onceWithColumns(Array, Object(Closure))
#8 /var/www/vendor/illuminate/database/Eloquent/Builder.php(548): Illuminate\\Database\\Query\\Builder->get(Array)
#9 /var/www/vendor/illuminate/database/Eloquent/Builder.php(532): Illuminate\\Database\\Eloquent\\Builder->getModels(Array)
#10 /var/www/vendor/illuminate/database/Concerns/BuildsQueries.php(143): Illuminate\\Database\\Eloquent\\Builder->get(Array)
#11 /var/www/app/Http/Controllers/Account/V1/ClientAuthController.php(119): Illuminate\\Database\\Eloquent\\Builder->first()
#12 /var/www/vendor/illuminate/container/BoundMethod.php(36): App\\Http\\Controllers\\Account\\V1\\ClientAuthController->login(Object(Laravel\\Lumen\\Http\\Request))
#13 /var/www/vendor/illuminate/container/Util.php(37): Illuminate\\Container\\BoundMethod::Illuminate\\Container\\{closure}()
#14 /var/www/vendor/illuminate/container/BoundMethod.php(93): Illuminate\\Container\\Util::unwrapIfClosure(Object(Closure))
#15 /var/www/vendor/illuminate/container/BoundMethod.php(37): Illuminate\\Container\\BoundMethod::callBoundMethod(Object(Laravel\\Lumen\\Application), Array, Object(Closure))
#16 /var/www/vendor/illuminate/container/Container.php(596): Illuminate\\Container\\BoundMethod::call(Object(Laravel\\Lumen\\Application), Array, Array, NULL)
#17 /var/www/vendor/laravel/lumen-framework/src/Concerns/RoutesRequests.php(386): Illuminate\\Container\\Container->call(Array, Array)
#18 /var/www/vendor/laravel/lumen-framework/src/Concerns/RoutesRequests.php(352): Laravel\\Lumen\\Application->callControllerCallable(Array, Array)
#19 /var/www/vendor/laravel/lumen-framework/src/Concerns/RoutesRequests.php(326): Laravel\\Lumen\\Application->callLumenController(Object(App\\Http\\Controllers\\Account\\V1\\ClientAuthController), 'login', Array)
#20 /var/www/vendor/laravel/lumen-framework/src/Concerns/RoutesRequests.php(279): Laravel\\Lumen\\Application->callControllerAction(Array)
#21 /var/www/vendor/laravel/lumen-framework/src/Concerns/RoutesRequests.php(264): Laravel\\Lumen\\Application->callActionOnArrayBasedRoute(Array)
#22 /var/www/vendor/laravel/lumen-framework/src/Concerns/RoutesRequests.php(166): Laravel\\Lumen\\Application->handleFoundRoute(Array)
#23 [internal function]: Laravel\\Lumen\\Application->Laravel\\Lumen\\Concerns\\{closure}(Object(Laravel\\Lumen\\Http\\Request))
#24 /var/www/vendor/laravel/lumen-framework/src/Routing/Pipeline.php(48): call_user_func(Object(Closure), Object(Laravel\\Lumen\\Http\\Request))
#25 /var/www/vendor/fruitcake/laravel-cors/src/HandleCors.php(38): Laravel\\Lumen\\Routing\\Pipeline->Laravel\\Lumen\\Routing\\{closure}(Object(Laravel\\Lumen\\Http\\Request))
#26 /var/www/vendor/illuminate/pipeline/Pipeline.php(167): Fruitcake\\Cors\\HandleCors->handle(Object(Laravel\\Lumen\\Http\\Request), Object(Closure))
#27 [internal function]: Illuminate\\Pipeline\\Pipeline->Illuminate\\Pipeline\\{closure}(Object(Laravel\\Lumen\\Http\\Request))
#28 /var/www/vendor/laravel/lumen-framework/src/Routing/Pipeline.php(30): call_user_func(Object(Closure), Object(Laravel\\Lumen\\Http\\Request))
#29 /var/www/vendor/illuminate/pipeline/Pipeline.php(103): Laravel\\Lumen\\Routing\\Pipeline->Laravel\\Lumen\\Routing\\{closure}(Object(Laravel\\Lumen\\Http\\Request))
#30 /var/www/vendor/laravel/lumen-framework/src/Concerns/RoutesRequests.php(423): Illuminate\\Pipeline\\Pipeline->then(Object(Closure))
#31 /var/www/vendor/laravel/lumen-framework/src/Concerns/RoutesRequests.php(172): Laravel\\Lumen\\Application->sendThroughPipeline(Array, Object(Closure))
#32 /var/www/vendor/laravel/lumen-framework/src/Concerns/RoutesRequests.php(109): Laravel\\Lumen\\Application->dispatch(NULL)
#33 /var/www/public/index.php(28): Laravel\\Lumen\\Application->run()
#34 {main}
"} 
[2021-10-28 03:52:49] local.ERROR: SQLSTATE[42S22]: Column not found: 1054 Unknown column 'mp.nip' in 'field list' (SQL: select `aplikasi`.`users`.`verified`, `aplikasi`.`users`.`email`, `uo`.`tipe_user`, `uo`.`organisasi_id`, `uo`.`pegawai_id`, `mp`.`nip`, `mp`.`nama`, `mp`.`gelar_depan`, `mp`.`gelar_belakang`, `mr`.`kode`, mr.nama as perusahaan from `users` left join `master`.`user_organisasi` as `uo` on `aplikasi`.`users`.`email` = `uo`.`email` left join `master`.`klien_pegawai` as `mp` on `uo`.`pegawai_id` = `mp`.`id` left join `master`.`klien` as `mr` on `mr`.`id` = `uo`.`organisasi_id` where `aplikasi`.`users`.`email` = roni.ahmad@adaro.com limit 1) {"exception":"[object] (Illuminate\\Database\\QueryException(code: 42S22): SQLSTATE[42S22]: Column not found: 1054 Unknown column 'mp.nip' in 'field list' (SQL: select `aplikasi`.`users`.`verified`, `aplikasi`.`users`.`email`, `uo`.`tipe_user`, `uo`.`organisasi_id`, `uo`.`pegawai_id`, `mp`.`nip`, `mp`.`nama`, `mp`.`gelar_depan`, `mp`.`gelar_belakang`, `mr`.`kode`, mr.nama as perusahaan from `users` left join `master`.`user_organisasi` as `uo` on `aplikasi`.`users`.`email` = `uo`.`email` left join `master`.`klien_pegawai` as `mp` on `uo`.`pegawai_id` = `mp`.`id` left join `master`.`klien` as `mr` on `mr`.`id` = `uo`.`organisasi_id` where `aplikasi`.`users`.`email` = roni.ahmad@adaro.com limit 1) at /var/www/vendor/illuminate/database/Connection.php:671)
[stacktrace]
#0 /var/www/vendor/illuminate/database/Connection.php(631): Illuminate\\Database\\Connection->runQueryCallback('select `aplikas...', Array, Object(Closure))
#1 /var/www/vendor/illuminate/database/Connection.php(339): Illuminate\\Database\\Connection->run('select `aplikas...', Array, Object(Closure))
#2 /var/www/vendor/illuminate/database/Query/Builder.php(2270): Illuminate\\Database\\Connection->select('select `aplikas...', Array, true)
#3 /var/www/vendor/illuminate/database/Query/Builder.php(2258): Illuminate\\Database\\Query\\Builder->runSelect()
#4 /var/www/vendor/illuminate/database/Query/Builder.php(2753): Illuminate\\Database\\Query\\Builder->Illuminate\\Database\\Query\\{closure}()
#5 /var/www/vendor/illuminate/database/Query/Builder.php(2259): Illuminate\\Database\\Query\\Builder->onceWithColumns(Array, Object(Closure))
#6 /var/www/vendor/illuminate/database/Eloquent/Builder.php(548): Illuminate\\Database\\Query\\Builder->get(Array)
#7 /var/www/vendor/illuminate/database/Eloquent/Builder.php(532): Illuminate\\Database\\Eloquent\\Builder->getModels(Array)
#8 /var/www/vendor/illuminate/database/Concerns/BuildsQueries.php(143): Illuminate\\Database\\Eloquent\\Builder->get(Array)
#9 /var/www/app/Http/Controllers/Account/V1/ClientAuthController.php(119): Illuminate\\Database\\Eloquent\\Builder->first()
#10 /var/www/vendor/illuminate/container/BoundMethod.php(36): App\\Http\\Controllers\\Account\\V1\\ClientAuthController->login(Object(Laravel\\Lumen\\Http\\Request))
#11 /var/www/vendor/illuminate/container/Util.php(37): Illuminate\\Container\\BoundMethod::Illuminate\\Container\\{closure}()
#12 /var/www/vendor/illuminate/container/BoundMethod.php(93): Illuminate\\Container\\Util::unwrapIfClosure(Object(Closure))
#13 /var/www/vendor/illuminate/container/BoundMethod.php(37): Illuminate\\Container\\BoundMethod::callBoundMethod(Object(Laravel\\Lumen\\Application), Array, Object(Closure))
#14 /var/www/vendor/illuminate/container/Container.php(596): Illuminate\\Container\\BoundMethod::call(Object(Laravel\\Lumen\\Application), Array, Array, NULL)
#15 /var/www/vendor/laravel/lumen-framework/src/Concerns/RoutesRequests.php(386): Illuminate\\Container\\Container->call(Array, Array)
#16 /var/www/vendor/laravel/lumen-framework/src/Concerns/RoutesRequests.php(352): Laravel\\Lumen\\Application->callControllerCallable(Array, Array)
#17 /var/www/vendor/laravel/lumen-framework/src/Concerns/RoutesRequests.php(326): Laravel\\Lumen\\Application->callLumenController(Object(App\\Http\\Controllers\\Account\\V1\\ClientAuthController), 'login', Array)
#18 /var/www/vendor/laravel/lumen-framework/src/Concerns/RoutesRequests.php(279): Laravel\\Lumen\\Application->callControllerAction(Array)
#19 /var/www/vendor/laravel/lumen-framework/src/Concerns/RoutesRequests.php(264): Laravel\\Lumen\\Application->callActionOnArrayBasedRoute(Array)
#20 /var/www/vendor/laravel/lumen-framework/src/Concerns/RoutesRequests.php(166): Laravel\\Lumen\\Application->handleFoundRoute(Array)
#21 [internal function]: Laravel\\Lumen\\Application->Laravel\\Lumen\\Concerns\\{closure}(Object(Laravel\\Lumen\\Http\\Request))
#22 /var/www/vendor/laravel/lumen-framework/src/Routing/Pipeline.php(48): call_user_func(Object(Closure), Object(Laravel\\Lumen\\Http\\Request))
#23 /var/www/vendor/fruitcake/laravel-cors/src/HandleCors.php(38): Laravel\\Lumen\\Routing\\Pipeline->Laravel\\Lumen\\Routing\\{closure}(Object(Laravel\\Lumen\\Http\\Request))
#24 /var/www/vendor/illuminate/pipeline/Pipeline.php(167): Fruitcake\\Cors\\HandleCors->handle(Object(Laravel\\Lumen\\Http\\Request), Object(Closure))
#25 [internal function]: Illuminate\\Pipeline\\Pipeline->Illuminate\\Pipeline\\{closure}(Object(Laravel\\Lumen\\Http\\Request))
#26 /var/www/vendor/laravel/lumen-framework/src/Routing/Pipeline.php(30): call_user_func(Object(Closure), Object(Laravel\\Lumen\\Http\\Request))
#27 /var/www/vendor/illuminate/pipeline/Pipeline.php(103): Laravel\\Lumen\\Routing\\Pipeline->Laravel\\Lumen\\Routing\\{closure}(Object(Laravel\\Lumen\\Http\\Request))
#28 /var/www/vendor/laravel/lumen-framework/src/Concerns/RoutesRequests.php(423): Illuminate\\Pipeline\\Pipeline->then(Object(Closure))
#29 /var/www/vendor/laravel/lumen-framework/src/Concerns/RoutesRequests.php(172): Laravel\\Lumen\\Application->sendThroughPipeline(Array, Object(Closure))
#30 /var/www/vendor/laravel/lumen-framework/src/Concerns/RoutesRequests.php(109): Laravel\\Lumen\\Application->dispatch(NULL)
#31 /var/www/public/index.php(28): Laravel\\Lumen\\Application->run()
#32 {main}

[previous exception] [object] (PDOException(code: 42S22): SQLSTATE[42S22]: Column not found: 1054 Unknown column 'mp.nip' in 'field list' at /var/www/vendor/illuminate/database/Connection.php:331)
[stacktrace]
#0 /var/www/vendor/illuminate/database/Connection.php(331): PDO->prepare('select `aplikas...')
#1 /var/www/vendor/illuminate/database/Connection.php(664): Illuminate\\Database\\Connection->Illuminate\\Database\\{closure}('select `aplikas...', Array)
#2 /var/www/vendor/illuminate/database/Connection.php(631): Illuminate\\Database\\Connection->runQueryCallback('select `aplikas...', Array, Object(Closure))
#3 /var/www/vendor/illuminate/database/Connection.php(339): Illuminate\\Database\\Connection->run('select `aplikas...', Array, Object(Closure))
#4 /var/www/vendor/illuminate/database/Query/Builder.php(2270): Illuminate\\Database\\Connection->select('select `aplikas...', Array, true)
#5 /var/www/vendor/illuminate/database/Query/Builder.php(2258): Illuminate\\Database\\Query\\Builder->runSelect()
#6 /var/www/vendor/illuminate/database/Query/Builder.php(2753): Illuminate\\Database\\Query\\Builder->Illuminate\\Database\\Query\\{closure}()
#7 /var/www/vendor/illuminate/database/Query/Builder.php(2259): Illuminate\\Database\\Query\\Builder->onceWithColumns(Array, Object(Closure))
#8 /var/www/vendor/illuminate/database/Eloquent/Builder.php(548): Illuminate\\Database\\Query\\Builder->get(Array)
#9 /var/www/vendor/illuminate/database/Eloquent/Builder.php(532): Illuminate\\Database\\Eloquent\\Builder->getModels(Array)
#10 /var/www/vendor/illuminate/database/Concerns/BuildsQueries.php(143): Illuminate\\Database\\Eloquent\\Builder->get(Array)
#11 /var/www/app/Http/Controllers/Account/V1/ClientAuthController.php(119): Illuminate\\Database\\Eloquent\\Builder->first()
#12 /var/www/vendor/illuminate/container/BoundMethod.php(36): App\\Http\\Controllers\\Account\\V1\\ClientAuthController->login(Object(Laravel\\Lumen\\Http\\Request))
#13 /var/www/vendor/illuminate/container/Util.php(37): Illuminate\\Container\\BoundMethod::Illuminate\\Container\\{closure}()
#14 /var/www/vendor/illuminate/container/BoundMethod.php(93): Illuminate\\Container\\Util::unwrapIfClosure(Object(Closure))
#15 /var/www/vendor/illuminate/container/BoundMethod.php(37): Illuminate\\Container\\BoundMethod::callBoundMethod(Object(Laravel\\Lumen\\Application), Array, Object(Closure))
#16 /var/www/vendor/illuminate/container/Container.php(596): Illuminate\\Container\\BoundMethod::call(Object(Laravel\\Lumen\\Application), Array, Array, NULL)
#17 /var/www/vendor/laravel/lumen-framework/src/Concerns/RoutesRequests.php(386): Illuminate\\Container\\Container->call(Array, Array)
#18 /var/www/vendor/laravel/lumen-framework/src/Concerns/RoutesRequests.php(352): Laravel\\Lumen\\Application->callControllerCallable(Array, Array)
#19 /var/www/vendor/laravel/lumen-framework/src/Concerns/RoutesRequests.php(326): Laravel\\Lumen\\Application->callLumenController(Object(App\\Http\\Controllers\\Account\\V1\\ClientAuthController), 'login', Array)
#20 /var/www/vendor/laravel/lumen-framework/src/Concerns/RoutesRequests.php(279): Laravel\\Lumen\\Application->callControllerAction(Array)
#21 /var/www/vendor/laravel/lumen-framework/src/Concerns/RoutesRequests.php(264): Laravel\\Lumen\\Application->callActionOnArrayBasedRoute(Array)
#22 /var/www/vendor/laravel/lumen-framework/src/Concerns/RoutesRequests.php(166): Laravel\\Lumen\\Application->handleFoundRoute(Array)
#23 [internal function]: Laravel\\Lumen\\Application->Laravel\\Lumen\\Concerns\\{closure}(Object(Laravel\\Lumen\\Http\\Request))
#24 /var/www/vendor/laravel/lumen-framework/src/Routing/Pipeline.php(48): call_user_func(Object(Closure), Object(Laravel\\Lumen\\Http\\Request))
#25 /var/www/vendor/fruitcake/laravel-cors/src/HandleCors.php(38): Laravel\\Lumen\\Routing\\Pipeline->Laravel\\Lumen\\Routing\\{closure}(Object(Laravel\\Lumen\\Http\\Request))
#26 /var/www/vendor/illuminate/pipeline/Pipeline.php(167): Fruitcake\\Cors\\HandleCors->handle(Object(Laravel\\Lumen\\Http\\Request), Object(Closure))
#27 [internal function]: Illuminate\\Pipeline\\Pipeline->Illuminate\\Pipeline\\{closure}(Object(Laravel\\Lumen\\Http\\Request))
#28 /var/www/vendor/laravel/lumen-framework/src/Routing/Pipeline.php(30): call_user_func(Object(Closure), Object(Laravel\\Lumen\\Http\\Request))
#29 /var/www/vendor/illuminate/pipeline/Pipeline.php(103): Laravel\\Lumen\\Routing\\Pipeline->Laravel\\Lumen\\Routing\\{closure}(Object(Laravel\\Lumen\\Http\\Request))
#30 /var/www/vendor/laravel/lumen-framework/src/Concerns/RoutesRequests.php(423): Illuminate\\Pipeline\\Pipeline->then(Object(Closure))
#31 /var/www/vendor/laravel/lumen-framework/src/Concerns/RoutesRequests.php(172): Laravel\\Lumen\\Application->sendThroughPipeline(Array, Object(Closure))
#32 /var/www/vendor/laravel/lumen-framework/src/Concerns/RoutesRequests.php(109): Laravel\\Lumen\\Application->dispatch(NULL)
#33 /var/www/public/index.php(28): Laravel\\Lumen\\Application->run()
#34 {main}
"} 
[2021-10-28 03:53:05] local.ERROR: SQLSTATE[42S22]: Column not found: 1054 Unknown column 'mp.nip' in 'field list' (SQL: select `aplikasi`.`users`.`verified`, `aplikasi`.`users`.`email`, `uo`.`tipe_user`, `uo`.`organisasi_id`, `uo`.`pegawai_id`, `mp`.`nip`, `mp`.`nama`, `mp`.`gelar_depan`, `mp`.`gelar_belakang`, `mr`.`kode`, mr.nama as perusahaan from `users` left join `master`.`user_organisasi` as `uo` on `aplikasi`.`users`.`email` = `uo`.`email` left join `master`.`klien_pegawai` as `mp` on `uo`.`pegawai_id` = `mp`.`id` left join `master`.`klien` as `mr` on `mr`.`id` = `uo`.`organisasi_id` where `aplikasi`.`users`.`email` = roni.ahmad@adaro.com limit 1) {"exception":"[object] (Illuminate\\Database\\QueryException(code: 42S22): SQLSTATE[42S22]: Column not found: 1054 Unknown column 'mp.nip' in 'field list' (SQL: select `aplikasi`.`users`.`verified`, `aplikasi`.`users`.`email`, `uo`.`tipe_user`, `uo`.`organisasi_id`, `uo`.`pegawai_id`, `mp`.`nip`, `mp`.`nama`, `mp`.`gelar_depan`, `mp`.`gelar_belakang`, `mr`.`kode`, mr.nama as perusahaan from `users` left join `master`.`user_organisasi` as `uo` on `aplikasi`.`users`.`email` = `uo`.`email` left join `master`.`klien_pegawai` as `mp` on `uo`.`pegawai_id` = `mp`.`id` left join `master`.`klien` as `mr` on `mr`.`id` = `uo`.`organisasi_id` where `aplikasi`.`users`.`email` = roni.ahmad@adaro.com limit 1) at /var/www/vendor/illuminate/database/Connection.php:671)
[stacktrace]
#0 /var/www/vendor/illuminate/database/Connection.php(631): Illuminate\\Database\\Connection->runQueryCallback('select `aplikas...', Array, Object(Closure))
#1 /var/www/vendor/illuminate/database/Connection.php(339): Illuminate\\Database\\Connection->run('select `aplikas...', Array, Object(Closure))
#2 /var/www/vendor/illuminate/database/Query/Builder.php(2270): Illuminate\\Database\\Connection->select('select `aplikas...', Array, true)
#3 /var/www/vendor/illuminate/database/Query/Builder.php(2258): Illuminate\\Database\\Query\\Builder->runSelect()
#4 /var/www/vendor/illuminate/database/Query/Builder.php(2753): Illuminate\\Database\\Query\\Builder->Illuminate\\Database\\Query\\{closure}()
#5 /var/www/vendor/illuminate/database/Query/Builder.php(2259): Illuminate\\Database\\Query\\Builder->onceWithColumns(Array, Object(Closure))
#6 /var/www/vendor/illuminate/database/Eloquent/Builder.php(548): Illuminate\\Database\\Query\\Builder->get(Array)
#7 /var/www/vendor/illuminate/database/Eloquent/Builder.php(532): Illuminate\\Database\\Eloquent\\Builder->getModels(Array)
#8 /var/www/vendor/illuminate/database/Concerns/BuildsQueries.php(143): Illuminate\\Database\\Eloquent\\Builder->get(Array)
#9 /var/www/app/Http/Controllers/Account/V1/ClientAuthController.php(119): Illuminate\\Database\\Eloquent\\Builder->first()
#10 /var/www/vendor/illuminate/container/BoundMethod.php(36): App\\Http\\Controllers\\Account\\V1\\ClientAuthController->login(Object(Laravel\\Lumen\\Http\\Request))
#11 /var/www/vendor/illuminate/container/Util.php(37): Illuminate\\Container\\BoundMethod::Illuminate\\Container\\{closure}()
#12 /var/www/vendor/illuminate/container/BoundMethod.php(93): Illuminate\\Container\\Util::unwrapIfClosure(Object(Closure))
#13 /var/www/vendor/illuminate/container/BoundMethod.php(37): Illuminate\\Container\\BoundMethod::callBoundMethod(Object(Laravel\\Lumen\\Application), Array, Object(Closure))
#14 /var/www/vendor/illuminate/container/Container.php(596): Illuminate\\Container\\BoundMethod::call(Object(Laravel\\Lumen\\Application), Array, Array, NULL)
#15 /var/www/vendor/laravel/lumen-framework/src/Concerns/RoutesRequests.php(386): Illuminate\\Container\\Container->call(Array, Array)
#16 /var/www/vendor/laravel/lumen-framework/src/Concerns/RoutesRequests.php(352): Laravel\\Lumen\\Application->callControllerCallable(Array, Array)
#17 /var/www/vendor/laravel/lumen-framework/src/Concerns/RoutesRequests.php(326): Laravel\\Lumen\\Application->callLumenController(Object(App\\Http\\Controllers\\Account\\V1\\ClientAuthController), 'login', Array)
#18 /var/www/vendor/laravel/lumen-framework/src/Concerns/RoutesRequests.php(279): Laravel\\Lumen\\Application->callControllerAction(Array)
#19 /var/www/vendor/laravel/lumen-framework/src/Concerns/RoutesRequests.php(264): Laravel\\Lumen\\Application->callActionOnArrayBasedRoute(Array)
#20 /var/www/vendor/laravel/lumen-framework/src/Concerns/RoutesRequests.php(166): Laravel\\Lumen\\Application->handleFoundRoute(Array)
#21 [internal function]: Laravel\\Lumen\\Application->Laravel\\Lumen\\Concerns\\{closure}(Object(Laravel\\Lumen\\Http\\Request))
#22 /var/www/vendor/laravel/lumen-framework/src/Routing/Pipeline.php(48): call_user_func(Object(Closure), Object(Laravel\\Lumen\\Http\\Request))
#23 /var/www/vendor/fruitcake/laravel-cors/src/HandleCors.php(38): Laravel\\Lumen\\Routing\\Pipeline->Laravel\\Lumen\\Routing\\{closure}(Object(Laravel\\Lumen\\Http\\Request))
#24 /var/www/vendor/illuminate/pipeline/Pipeline.php(167): Fruitcake\\Cors\\HandleCors->handle(Object(Laravel\\Lumen\\Http\\Request), Object(Closure))
#25 [internal function]: Illuminate\\Pipeline\\Pipeline->Illuminate\\Pipeline\\{closure}(Object(Laravel\\Lumen\\Http\\Request))
#26 /var/www/vendor/laravel/lumen-framework/src/Routing/Pipeline.php(30): call_user_func(Object(Closure), Object(Laravel\\Lumen\\Http\\Request))
#27 /var/www/vendor/illuminate/pipeline/Pipeline.php(103): Laravel\\Lumen\\Routing\\Pipeline->Laravel\\Lumen\\Routing\\{closure}(Object(Laravel\\Lumen\\Http\\Request))
#28 /var/www/vendor/laravel/lumen-framework/src/Concerns/RoutesRequests.php(423): Illuminate\\Pipeline\\Pipeline->then(Object(Closure))
#29 /var/www/vendor/laravel/lumen-framework/src/Concerns/RoutesRequests.php(172): Laravel\\Lumen\\Application->sendThroughPipeline(Array, Object(Closure))
#30 /var/www/vendor/laravel/lumen-framework/src/Concerns/RoutesRequests.php(109): Laravel\\Lumen\\Application->dispatch(NULL)
#31 /var/www/public/index.php(28): Laravel\\Lumen\\Application->run()
#32 {main}

[previous exception] [object] (PDOException(code: 42S22): SQLSTATE[42S22]: Column not found: 1054 Unknown column 'mp.nip' in 'field list' at /var/www/vendor/illuminate/database/Connection.php:331)
[stacktrace]
#0 /var/www/vendor/illuminate/database/Connection.php(331): PDO->prepare('select `aplikas...')
#1 /var/www/vendor/illuminate/database/Connection.php(664): Illuminate\\Database\\Connection->Illuminate\\Database\\{closure}('select `aplikas...', Array)
#2 /var/www/vendor/illuminate/database/Connection.php(631): Illuminate\\Database\\Connection->runQueryCallback('select `aplikas...', Array, Object(Closure))
#3 /var/www/vendor/illuminate/database/Connection.php(339): Illuminate\\Database\\Connection->run('select `aplikas...', Array, Object(Closure))
#4 /var/www/vendor/illuminate/database/Query/Builder.php(2270): Illuminate\\Database\\Connection->select('select `aplikas...', Array, true)
#5 /var/www/vendor/illuminate/database/Query/Builder.php(2258): Illuminate\\Database\\Query\\Builder->runSelect()
#6 /var/www/vendor/illuminate/database/Query/Builder.php(2753): Illuminate\\Database\\Query\\Builder->Illuminate\\Database\\Query\\{closure}()
#7 /var/www/vendor/illuminate/database/Query/Builder.php(2259): Illuminate\\Database\\Query\\Builder->onceWithColumns(Array, Object(Closure))
#8 /var/www/vendor/illuminate/database/Eloquent/Builder.php(548): Illuminate\\Database\\Query\\Builder->get(Array)
#9 /var/www/vendor/illuminate/database/Eloquent/Builder.php(532): Illuminate\\Database\\Eloquent\\Builder->getModels(Array)
#10 /var/www/vendor/illuminate/database/Concerns/BuildsQueries.php(143): Illuminate\\Database\\Eloquent\\Builder->get(Array)
#11 /var/www/app/Http/Controllers/Account/V1/ClientAuthController.php(119): Illuminate\\Database\\Eloquent\\Builder->first()
#12 /var/www/vendor/illuminate/container/BoundMethod.php(36): App\\Http\\Controllers\\Account\\V1\\ClientAuthController->login(Object(Laravel\\Lumen\\Http\\Request))
#13 /var/www/vendor/illuminate/container/Util.php(37): Illuminate\\Container\\BoundMethod::Illuminate\\Container\\{closure}()
#14 /var/www/vendor/illuminate/container/BoundMethod.php(93): Illuminate\\Container\\Util::unwrapIfClosure(Object(Closure))
#15 /var/www/vendor/illuminate/container/BoundMethod.php(37): Illuminate\\Container\\BoundMethod::callBoundMethod(Object(Laravel\\Lumen\\Application), Array, Object(Closure))
#16 /var/www/vendor/illuminate/container/Container.php(596): Illuminate\\Container\\BoundMethod::call(Object(Laravel\\Lumen\\Application), Array, Array, NULL)
#17 /var/www/vendor/laravel/lumen-framework/src/Concerns/RoutesRequests.php(386): Illuminate\\Container\\Container->call(Array, Array)
#18 /var/www/vendor/laravel/lumen-framework/src/Concerns/RoutesRequests.php(352): Laravel\\Lumen\\Application->callControllerCallable(Array, Array)
#19 /var/www/vendor/laravel/lumen-framework/src/Concerns/RoutesRequests.php(326): Laravel\\Lumen\\Application->callLumenController(Object(App\\Http\\Controllers\\Account\\V1\\ClientAuthController), 'login', Array)
#20 /var/www/vendor/laravel/lumen-framework/src/Concerns/RoutesRequests.php(279): Laravel\\Lumen\\Application->callControllerAction(Array)
#21 /var/www/vendor/laravel/lumen-framework/src/Concerns/RoutesRequests.php(264): Laravel\\Lumen\\Application->callActionOnArrayBasedRoute(Array)
#22 /var/www/vendor/laravel/lumen-framework/src/Concerns/RoutesRequests.php(166): Laravel\\Lumen\\Application->handleFoundRoute(Array)
#23 [internal function]: Laravel\\Lumen\\Application->Laravel\\Lumen\\Concerns\\{closure}(Object(Laravel\\Lumen\\Http\\Request))
#24 /var/www/vendor/laravel/lumen-framework/src/Routing/Pipeline.php(48): call_user_func(Object(Closure), Object(Laravel\\Lumen\\Http\\Request))
#25 /var/www/vendor/fruitcake/laravel-cors/src/HandleCors.php(38): Laravel\\Lumen\\Routing\\Pipeline->Laravel\\Lumen\\Routing\\{closure}(Object(Laravel\\Lumen\\Http\\Request))
#26 /var/www/vendor/illuminate/pipeline/Pipeline.php(167): Fruitcake\\Cors\\HandleCors->handle(Object(Laravel\\Lumen\\Http\\Request), Object(Closure))
#27 [internal function]: Illuminate\\Pipeline\\Pipeline->Illuminate\\Pipeline\\{closure}(Object(Laravel\\Lumen\\Http\\Request))
#28 /var/www/vendor/laravel/lumen-framework/src/Routing/Pipeline.php(30): call_user_func(Object(Closure), Object(Laravel\\Lumen\\Http\\Request))
#29 /var/www/vendor/illuminate/pipeline/Pipeline.php(103): Laravel\\Lumen\\Routing\\Pipeline->Laravel\\Lumen\\Routing\\{closure}(Object(Laravel\\Lumen\\Http\\Request))
#30 /var/www/vendor/laravel/lumen-framework/src/Concerns/RoutesRequests.php(423): Illuminate\\Pipeline\\Pipeline->then(Object(Closure))
#31 /var/www/vendor/laravel/lumen-framework/src/Concerns/RoutesRequests.php(172): Laravel\\Lumen\\Application->sendThroughPipeline(Array, Object(Closure))
#32 /var/www/vendor/laravel/lumen-framework/src/Concerns/RoutesRequests.php(109): Laravel\\Lumen\\Application->dispatch(NULL)
#33 /var/www/public/index.php(28): Laravel\\Lumen\\Application->run()
#34 {main}
"} 
[2021-10-28 04:11:20] local.ERROR: Trying to get property 'verified' of non-object {"exception":"[object] (ErrorException(code: 0): Trying to get property 'verified' of non-object at /var/www/app/Http/Controllers/Account/V1/AuthController.php:169)
[stacktrace]
#0 /var/www/app/Http/Controllers/Account/V1/AuthController.php(169): Laravel\\Lumen\\Application->Laravel\\Lumen\\Concerns\\{closure}(8, 'Trying to get p...', '/var/www/app/Ht...', 169, Array)
#1 /var/www/vendor/illuminate/container/BoundMethod.php(36): App\\Http\\Controllers\\Account\\V1\\AuthController->login(Object(Laravel\\Lumen\\Http\\Request))
#2 /var/www/vendor/illuminate/container/Util.php(37): Illuminate\\Container\\BoundMethod::Illuminate\\Container\\{closure}()
#3 /var/www/vendor/illuminate/container/BoundMethod.php(93): Illuminate\\Container\\Util::unwrapIfClosure(Object(Closure))
#4 /var/www/vendor/illuminate/container/BoundMethod.php(37): Illuminate\\Container\\BoundMethod::callBoundMethod(Object(Laravel\\Lumen\\Application), Array, Object(Closure))
#5 /var/www/vendor/illuminate/container/Container.php(596): Illuminate\\Container\\BoundMethod::call(Object(Laravel\\Lumen\\Application), Array, Array, NULL)
#6 /var/www/vendor/laravel/lumen-framework/src/Concerns/RoutesRequests.php(386): Illuminate\\Container\\Container->call(Array, Array)
#7 /var/www/vendor/laravel/lumen-framework/src/Concerns/RoutesRequests.php(352): Laravel\\Lumen\\Application->callControllerCallable(Array, Array)
#8 /var/www/vendor/laravel/lumen-framework/src/Concerns/RoutesRequests.php(326): Laravel\\Lumen\\Application->callLumenController(Object(App\\Http\\Controllers\\Account\\V1\\AuthController), 'login', Array)
#9 /var/www/vendor/laravel/lumen-framework/src/Concerns/RoutesRequests.php(279): Laravel\\Lumen\\Application->callControllerAction(Array)
#10 /var/www/vendor/laravel/lumen-framework/src/Concerns/RoutesRequests.php(264): Laravel\\Lumen\\Application->callActionOnArrayBasedRoute(Array)
#11 /var/www/vendor/laravel/lumen-framework/src/Concerns/RoutesRequests.php(166): Laravel\\Lumen\\Application->handleFoundRoute(Array)
#12 [internal function]: Laravel\\Lumen\\Application->Laravel\\Lumen\\Concerns\\{closure}(Object(Laravel\\Lumen\\Http\\Request))
#13 /var/www/vendor/laravel/lumen-framework/src/Routing/Pipeline.php(48): call_user_func(Object(Closure), Object(Laravel\\Lumen\\Http\\Request))
#14 /var/www/vendor/fruitcake/laravel-cors/src/HandleCors.php(38): Laravel\\Lumen\\Routing\\Pipeline->Laravel\\Lumen\\Routing\\{closure}(Object(Laravel\\Lumen\\Http\\Request))
#15 /var/www/vendor/illuminate/pipeline/Pipeline.php(167): Fruitcake\\Cors\\HandleCors->handle(Object(Laravel\\Lumen\\Http\\Request), Object(Closure))
#16 [internal function]: Illuminate\\Pipeline\\Pipeline->Illuminate\\Pipeline\\{closure}(Object(Laravel\\Lumen\\Http\\Request))
#17 /var/www/vendor/laravel/lumen-framework/src/Routing/Pipeline.php(30): call_user_func(Object(Closure), Object(Laravel\\Lumen\\Http\\Request))
#18 /var/www/vendor/illuminate/pipeline/Pipeline.php(103): Laravel\\Lumen\\Routing\\Pipeline->Laravel\\Lumen\\Routing\\{closure}(Object(Laravel\\Lumen\\Http\\Request))
#19 /var/www/vendor/laravel/lumen-framework/src/Concerns/RoutesRequests.php(423): Illuminate\\Pipeline\\Pipeline->then(Object(Closure))
#20 /var/www/vendor/laravel/lumen-framework/src/Concerns/RoutesRequests.php(172): Laravel\\Lumen\\Application->sendThroughPipeline(Array, Object(Closure))
#21 /var/www/vendor/laravel/lumen-framework/src/Concerns/RoutesRequests.php(109): Laravel\\Lumen\\Application->dispatch(NULL)
#22 /var/www/public/index.php(28): Laravel\\Lumen\\Application->run()
#23 {main}
"} 
[2021-10-28 06:26:22] local.ERROR: Argument 1 passed to Illuminate\Database\Connection::prepareBindings() must be of the type array, string given, called in /var/www/vendor/illuminate/database/Connection.php on line 487 {"exception":"[object] (TypeError(code: 0): Argument 1 passed to Illuminate\\Database\\Connection::prepareBindings() must be of the type array, string given, called in /var/www/vendor/illuminate/database/Connection.php on line 487 at /var/www/vendor/illuminate/database/Connection.php:593)
[stacktrace]
#0 /var/www/vendor/illuminate/database/Connection.php(487): Illuminate\\Database\\Connection->prepareBindings('11')
#1 /var/www/vendor/illuminate/database/Connection.php(664): Illuminate\\Database\\Connection->Illuminate\\Database\\{closure}('DELETE FROM cle...', '11')
#2 /var/www/vendor/illuminate/database/Connection.php(631): Illuminate\\Database\\Connection->runQueryCallback('DELETE FROM cle...', '11', Object(Closure))
#3 /var/www/vendor/illuminate/database/Connection.php(496): Illuminate\\Database\\Connection->run('DELETE FROM cle...', '11', Object(Closure))
#4 /var/www/vendor/illuminate/database/Connection.php(441): Illuminate\\Database\\Connection->affectingStatement('DELETE FROM cle...', '11')
#5 /var/www/vendor/illuminate/database/DatabaseManager.php(367): Illuminate\\Database\\Connection->delete('DELETE FROM cle...', '11')
#6 /var/www/vendor/illuminate/support/Facades/Facade.php(261): Illuminate\\Database\\DatabaseManager->__call('delete', Array)
#7 /var/www/app/Http/Controllers/Cleaning/V1/DailyReportDetailImagesController.php(61): Illuminate\\Support\\Facades\\Facade::__callStatic('delete', Array)
#8 /var/www/vendor/illuminate/container/BoundMethod.php(36): App\\Http\\Controllers\\Cleaning\\V1\\DailyReportDetailImagesController->deleteDailyReportImage(Object(Laravel\\Lumen\\Http\\Request))
#9 /var/www/vendor/illuminate/container/Util.php(37): Illuminate\\Container\\BoundMethod::Illuminate\\Container\\{closure}()
#10 /var/www/vendor/illuminate/container/BoundMethod.php(93): Illuminate\\Container\\Util::unwrapIfClosure(Object(Closure))
#11 /var/www/vendor/illuminate/container/BoundMethod.php(37): Illuminate\\Container\\BoundMethod::callBoundMethod(Object(Laravel\\Lumen\\Application), Array, Object(Closure))
#12 /var/www/vendor/illuminate/container/Container.php(596): Illuminate\\Container\\BoundMethod::call(Object(Laravel\\Lumen\\Application), Array, Array, NULL)
#13 /var/www/vendor/laravel/lumen-framework/src/Concerns/RoutesRequests.php(386): Illuminate\\Container\\Container->call(Array, Array)
#14 /var/www/vendor/laravel/lumen-framework/src/Concerns/RoutesRequests.php(352): Laravel\\Lumen\\Application->callControllerCallable(Array, Array)
#15 /var/www/vendor/laravel/lumen-framework/src/Concerns/RoutesRequests.php(326): Laravel\\Lumen\\Application->callLumenController(Object(App\\Http\\Controllers\\Cleaning\\V1\\DailyReportDetailImagesController), 'deleteDailyRepo...', Array)
#16 /var/www/vendor/laravel/lumen-framework/src/Concerns/RoutesRequests.php(279): Laravel\\Lumen\\Application->callControllerAction(Array)
#17 /var/www/vendor/laravel/lumen-framework/src/Concerns/RoutesRequests.php(259): Laravel\\Lumen\\Application->callActionOnArrayBasedRoute(Array)
#18 [internal function]: Laravel\\Lumen\\Application->Laravel\\Lumen\\Concerns\\{closure}(Object(Laravel\\Lumen\\Http\\Request))
#19 /var/www/vendor/laravel/lumen-framework/src/Routing/Pipeline.php(48): call_user_func(Object(Closure), Object(Laravel\\Lumen\\Http\\Request))
#20 /var/www/vendor/tymon/jwt-auth/src/Http/Middleware/Authenticate.php(32): Laravel\\Lumen\\Routing\\Pipeline->Laravel\\Lumen\\Routing\\{closure}(Object(Laravel\\Lumen\\Http\\Request))
#21 /var/www/vendor/illuminate/pipeline/Pipeline.php(167): Tymon\\JWTAuth\\Http\\Middleware\\Authenticate->handle(Object(Laravel\\Lumen\\Http\\Request), Object(Closure))
#22 [internal function]: Illuminate\\Pipeline\\Pipeline->Illuminate\\Pipeline\\{closure}(Object(Laravel\\Lumen\\Http\\Request))
#23 /var/www/vendor/laravel/lumen-framework/src/Routing/Pipeline.php(30): call_user_func(Object(Closure), Object(Laravel\\Lumen\\Http\\Request))
#24 /var/www/vendor/illuminate/pipeline/Pipeline.php(103): Laravel\\Lumen\\Routing\\Pipeline->Laravel\\Lumen\\Routing\\{closure}(Object(Laravel\\Lumen\\Http\\Request))
#25 /var/www/vendor/laravel/lumen-framework/src/Concerns/RoutesRequests.php(423): Illuminate\\Pipeline\\Pipeline->then(Object(Closure))
#26 /var/www/vendor/laravel/lumen-framework/src/Concerns/RoutesRequests.php(260): Laravel\\Lumen\\Application->sendThroughPipeline(Array, Object(Closure))
#27 /var/www/vendor/laravel/lumen-framework/src/Concerns/RoutesRequests.php(166): Laravel\\Lumen\\Application->handleFoundRoute(Array)
#28 [internal function]: Laravel\\Lumen\\Application->Laravel\\Lumen\\Concerns\\{closure}(Object(Laravel\\Lumen\\Http\\Request))
#29 /var/www/vendor/laravel/lumen-framework/src/Routing/Pipeline.php(48): call_user_func(Object(Closure), Object(Laravel\\Lumen\\Http\\Request))
#30 /var/www/vendor/fruitcake/laravel-cors/src/HandleCors.php(38): Laravel\\Lumen\\Routing\\Pipeline->Laravel\\Lumen\\Routing\\{closure}(Object(Laravel\\Lumen\\Http\\Request))
#31 /var/www/vendor/illuminate/pipeline/Pipeline.php(167): Fruitcake\\Cors\\HandleCors->handle(Object(Laravel\\Lumen\\Http\\Request), Object(Closure))
#32 [internal function]: Illuminate\\Pipeline\\Pipeline->Illuminate\\Pipeline\\{closure}(Object(Laravel\\Lumen\\Http\\Request))
#33 /var/www/vendor/laravel/lumen-framework/src/Routing/Pipeline.php(30): call_user_func(Object(Closure), Object(Laravel\\Lumen\\Http\\Request))
#34 /var/www/vendor/illuminate/pipeline/Pipeline.php(103): Laravel\\Lumen\\Routing\\Pipeline->Laravel\\Lumen\\Routing\\{closure}(Object(Laravel\\Lumen\\Http\\Request))
#35 /var/www/vendor/laravel/lumen-framework/src/Concerns/RoutesRequests.php(423): Illuminate\\Pipeline\\Pipeline->then(Object(Closure))
#36 /var/www/vendor/laravel/lumen-framework/src/Concerns/RoutesRequests.php(172): Laravel\\Lumen\\Application->sendThroughPipeline(Array, Object(Closure))
#37 /var/www/vendor/laravel/lumen-framework/src/Concerns/RoutesRequests.php(109): Laravel\\Lumen\\Application->dispatch(NULL)
#38 /var/www/public/index.php(28): Laravel\\Lumen\\Application->run()
#39 {main}
"} 
[2021-10-28 06:28:58] local.ERROR: Argument 1 passed to Illuminate\Database\Connection::prepareBindings() must be of the type array, string given, called in /var/www/vendor/illuminate/database/Connection.php on line 487 {"exception":"[object] (TypeError(code: 0): Argument 1 passed to Illuminate\\Database\\Connection::prepareBindings() must be of the type array, string given, called in /var/www/vendor/illuminate/database/Connection.php on line 487 at /var/www/vendor/illuminate/database/Connection.php:593)
[stacktrace]
#0 /var/www/vendor/illuminate/database/Connection.php(487): Illuminate\\Database\\Connection->prepareBindings('11')
#1 /var/www/vendor/illuminate/database/Connection.php(664): Illuminate\\Database\\Connection->Illuminate\\Database\\{closure}('DELETE FROM cle...', '11')
#2 /var/www/vendor/illuminate/database/Connection.php(631): Illuminate\\Database\\Connection->runQueryCallback('DELETE FROM cle...', '11', Object(Closure))
#3 /var/www/vendor/illuminate/database/Connection.php(496): Illuminate\\Database\\Connection->run('DELETE FROM cle...', '11', Object(Closure))
#4 /var/www/vendor/illuminate/database/Connection.php(441): Illuminate\\Database\\Connection->affectingStatement('DELETE FROM cle...', '11')
#5 /var/www/vendor/illuminate/database/DatabaseManager.php(367): Illuminate\\Database\\Connection->delete('DELETE FROM cle...', '11')
#6 /var/www/vendor/illuminate/support/Facades/Facade.php(261): Illuminate\\Database\\DatabaseManager->__call('delete', Array)
#7 /var/www/app/Http/Controllers/Cleaning/V1/DailyReportDetailImagesController.php(63): Illuminate\\Support\\Facades\\Facade::__callStatic('delete', Array)
#8 /var/www/vendor/illuminate/container/BoundMethod.php(36): App\\Http\\Controllers\\Cleaning\\V1\\DailyReportDetailImagesController->deleteDailyReportImage(Object(Laravel\\Lumen\\Http\\Request))
#9 /var/www/vendor/illuminate/container/Util.php(37): Illuminate\\Container\\BoundMethod::Illuminate\\Container\\{closure}()
#10 /var/www/vendor/illuminate/container/BoundMethod.php(93): Illuminate\\Container\\Util::unwrapIfClosure(Object(Closure))
#11 /var/www/vendor/illuminate/container/BoundMethod.php(37): Illuminate\\Container\\BoundMethod::callBoundMethod(Object(Laravel\\Lumen\\Application), Array, Object(Closure))
#12 /var/www/vendor/illuminate/container/Container.php(596): Illuminate\\Container\\BoundMethod::call(Object(Laravel\\Lumen\\Application), Array, Array, NULL)
#13 /var/www/vendor/laravel/lumen-framework/src/Concerns/RoutesRequests.php(386): Illuminate\\Container\\Container->call(Array, Array)
#14 /var/www/vendor/laravel/lumen-framework/src/Concerns/RoutesRequests.php(352): Laravel\\Lumen\\Application->callControllerCallable(Array, Array)
#15 /var/www/vendor/laravel/lumen-framework/src/Concerns/RoutesRequests.php(326): Laravel\\Lumen\\Application->callLumenController(Object(App\\Http\\Controllers\\Cleaning\\V1\\DailyReportDetailImagesController), 'deleteDailyRepo...', Array)
#16 /var/www/vendor/laravel/lumen-framework/src/Concerns/RoutesRequests.php(279): Laravel\\Lumen\\Application->callControllerAction(Array)
#17 /var/www/vendor/laravel/lumen-framework/src/Concerns/RoutesRequests.php(259): Laravel\\Lumen\\Application->callActionOnArrayBasedRoute(Array)
#18 [internal function]: Laravel\\Lumen\\Application->Laravel\\Lumen\\Concerns\\{closure}(Object(Laravel\\Lumen\\Http\\Request))
#19 /var/www/vendor/laravel/lumen-framework/src/Routing/Pipeline.php(48): call_user_func(Object(Closure), Object(Laravel\\Lumen\\Http\\Request))
#20 /var/www/vendor/tymon/jwt-auth/src/Http/Middleware/Authenticate.php(32): Laravel\\Lumen\\Routing\\Pipeline->Laravel\\Lumen\\Routing\\{closure}(Object(Laravel\\Lumen\\Http\\Request))
#21 /var/www/vendor/illuminate/pipeline/Pipeline.php(167): Tymon\\JWTAuth\\Http\\Middleware\\Authenticate->handle(Object(Laravel\\Lumen\\Http\\Request), Object(Closure))
#22 [internal function]: Illuminate\\Pipeline\\Pipeline->Illuminate\\Pipeline\\{closure}(Object(Laravel\\Lumen\\Http\\Request))
#23 /var/www/vendor/laravel/lumen-framework/src/Routing/Pipeline.php(30): call_user_func(Object(Closure), Object(Laravel\\Lumen\\Http\\Request))
#24 /var/www/vendor/illuminate/pipeline/Pipeline.php(103): Laravel\\Lumen\\Routing\\Pipeline->Laravel\\Lumen\\Routing\\{closure}(Object(Laravel\\Lumen\\Http\\Request))
#25 /var/www/vendor/laravel/lumen-framework/src/Concerns/RoutesRequests.php(423): Illuminate\\Pipeline\\Pipeline->then(Object(Closure))
#26 /var/www/vendor/laravel/lumen-framework/src/Concerns/RoutesRequests.php(260): Laravel\\Lumen\\Application->sendThroughPipeline(Array, Object(Closure))
#27 /var/www/vendor/laravel/lumen-framework/src/Concerns/RoutesRequests.php(166): Laravel\\Lumen\\Application->handleFoundRoute(Array)
#28 [internal function]: Laravel\\Lumen\\Application->Laravel\\Lumen\\Concerns\\{closure}(Object(Laravel\\Lumen\\Http\\Request))
#29 /var/www/vendor/laravel/lumen-framework/src/Routing/Pipeline.php(48): call_user_func(Object(Closure), Object(Laravel\\Lumen\\Http\\Request))
#30 /var/www/vendor/fruitcake/laravel-cors/src/HandleCors.php(38): Laravel\\Lumen\\Routing\\Pipeline->Laravel\\Lumen\\Routing\\{closure}(Object(Laravel\\Lumen\\Http\\Request))
#31 /var/www/vendor/illuminate/pipeline/Pipeline.php(167): Fruitcake\\Cors\\HandleCors->handle(Object(Laravel\\Lumen\\Http\\Request), Object(Closure))
#32 [internal function]: Illuminate\\Pipeline\\Pipeline->Illuminate\\Pipeline\\{closure}(Object(Laravel\\Lumen\\Http\\Request))
#33 /var/www/vendor/laravel/lumen-framework/src/Routing/Pipeline.php(30): call_user_func(Object(Closure), Object(Laravel\\Lumen\\Http\\Request))
#34 /var/www/vendor/illuminate/pipeline/Pipeline.php(103): Laravel\\Lumen\\Routing\\Pipeline->Laravel\\Lumen\\Routing\\{closure}(Object(Laravel\\Lumen\\Http\\Request))
#35 /var/www/vendor/laravel/lumen-framework/src/Concerns/RoutesRequests.php(423): Illuminate\\Pipeline\\Pipeline->then(Object(Closure))
#36 /var/www/vendor/laravel/lumen-framework/src/Concerns/RoutesRequests.php(172): Laravel\\Lumen\\Application->sendThroughPipeline(Array, Object(Closure))
#37 /var/www/vendor/laravel/lumen-framework/src/Concerns/RoutesRequests.php(109): Laravel\\Lumen\\Application->dispatch(NULL)
#38 /var/www/public/index.php(28): Laravel\\Lumen\\Application->run()
#39 {main}
"} 
[2021-10-28 06:36:58] local.ERROR: Class 'App\Http\Controllers\Cleaning\V1\File' not found {"exception":"[object] (Error(code: 0): Class 'App\\Http\\Controllers\\Cleaning\\V1\\File' not found at /var/www/app/Http/Controllers/Cleaning/V1/DailyReportDetailImagesController.php:66)
[stacktrace]
#0 /var/www/vendor/illuminate/container/BoundMethod.php(36): App\\Http\\Controllers\\Cleaning\\V1\\DailyReportDetailImagesController->deleteDailyReportImage(Object(Laravel\\Lumen\\Http\\Request))
#1 /var/www/vendor/illuminate/container/Util.php(37): Illuminate\\Container\\BoundMethod::Illuminate\\Container\\{closure}()
#2 /var/www/vendor/illuminate/container/BoundMethod.php(93): Illuminate\\Container\\Util::unwrapIfClosure(Object(Closure))
#3 /var/www/vendor/illuminate/container/BoundMethod.php(37): Illuminate\\Container\\BoundMethod::callBoundMethod(Object(Laravel\\Lumen\\Application), Array, Object(Closure))
#4 /var/www/vendor/illuminate/container/Container.php(596): Illuminate\\Container\\BoundMethod::call(Object(Laravel\\Lumen\\Application), Array, Array, NULL)
#5 /var/www/vendor/laravel/lumen-framework/src/Concerns/RoutesRequests.php(386): Illuminate\\Container\\Container->call(Array, Array)
#6 /var/www/vendor/laravel/lumen-framework/src/Concerns/RoutesRequests.php(352): Laravel\\Lumen\\Application->callControllerCallable(Array, Array)
#7 /var/www/vendor/laravel/lumen-framework/src/Concerns/RoutesRequests.php(326): Laravel\\Lumen\\Application->callLumenController(Object(App\\Http\\Controllers\\Cleaning\\V1\\DailyReportDetailImagesController), 'deleteDailyRepo...', Array)
#8 /var/www/vendor/laravel/lumen-framework/src/Concerns/RoutesRequests.php(279): Laravel\\Lumen\\Application->callControllerAction(Array)
#9 /var/www/vendor/laravel/lumen-framework/src/Concerns/RoutesRequests.php(259): Laravel\\Lumen\\Application->callActionOnArrayBasedRoute(Array)
#10 [internal function]: Laravel\\Lumen\\Application->Laravel\\Lumen\\Concerns\\{closure}(Object(Laravel\\Lumen\\Http\\Request))
#11 /var/www/vendor/laravel/lumen-framework/src/Routing/Pipeline.php(48): call_user_func(Object(Closure), Object(Laravel\\Lumen\\Http\\Request))
#12 /var/www/vendor/tymon/jwt-auth/src/Http/Middleware/Authenticate.php(32): Laravel\\Lumen\\Routing\\Pipeline->Laravel\\Lumen\\Routing\\{closure}(Object(Laravel\\Lumen\\Http\\Request))
#13 /var/www/vendor/illuminate/pipeline/Pipeline.php(167): Tymon\\JWTAuth\\Http\\Middleware\\Authenticate->handle(Object(Laravel\\Lumen\\Http\\Request), Object(Closure))
#14 [internal function]: Illuminate\\Pipeline\\Pipeline->Illuminate\\Pipeline\\{closure}(Object(Laravel\\Lumen\\Http\\Request))
#15 /var/www/vendor/laravel/lumen-framework/src/Routing/Pipeline.php(30): call_user_func(Object(Closure), Object(Laravel\\Lumen\\Http\\Request))
#16 /var/www/vendor/illuminate/pipeline/Pipeline.php(103): Laravel\\Lumen\\Routing\\Pipeline->Laravel\\Lumen\\Routing\\{closure}(Object(Laravel\\Lumen\\Http\\Request))
#17 /var/www/vendor/laravel/lumen-framework/src/Concerns/RoutesRequests.php(423): Illuminate\\Pipeline\\Pipeline->then(Object(Closure))
#18 /var/www/vendor/laravel/lumen-framework/src/Concerns/RoutesRequests.php(260): Laravel\\Lumen\\Application->sendThroughPipeline(Array, Object(Closure))
#19 /var/www/vendor/laravel/lumen-framework/src/Concerns/RoutesRequests.php(166): Laravel\\Lumen\\Application->handleFoundRoute(Array)
#20 [internal function]: Laravel\\Lumen\\Application->Laravel\\Lumen\\Concerns\\{closure}(Object(Laravel\\Lumen\\Http\\Request))
#21 /var/www/vendor/laravel/lumen-framework/src/Routing/Pipeline.php(48): call_user_func(Object(Closure), Object(Laravel\\Lumen\\Http\\Request))
#22 /var/www/vendor/fruitcake/laravel-cors/src/HandleCors.php(38): Laravel\\Lumen\\Routing\\Pipeline->Laravel\\Lumen\\Routing\\{closure}(Object(Laravel\\Lumen\\Http\\Request))
#23 /var/www/vendor/illuminate/pipeline/Pipeline.php(167): Fruitcake\\Cors\\HandleCors->handle(Object(Laravel\\Lumen\\Http\\Request), Object(Closure))
#24 [internal function]: Illuminate\\Pipeline\\Pipeline->Illuminate\\Pipeline\\{closure}(Object(Laravel\\Lumen\\Http\\Request))
#25 /var/www/vendor/laravel/lumen-framework/src/Routing/Pipeline.php(30): call_user_func(Object(Closure), Object(Laravel\\Lumen\\Http\\Request))
#26 /var/www/vendor/illuminate/pipeline/Pipeline.php(103): Laravel\\Lumen\\Routing\\Pipeline->Laravel\\Lumen\\Routing\\{closure}(Object(Laravel\\Lumen\\Http\\Request))
#27 /var/www/vendor/laravel/lumen-framework/src/Concerns/RoutesRequests.php(423): Illuminate\\Pipeline\\Pipeline->then(Object(Closure))
#28 /var/www/vendor/laravel/lumen-framework/src/Concerns/RoutesRequests.php(172): Laravel\\Lumen\\Application->sendThroughPipeline(Array, Object(Closure))
#29 /var/www/vendor/laravel/lumen-framework/src/Concerns/RoutesRequests.php(109): Laravel\\Lumen\\Application->dispatch(NULL)
#30 /var/www/public/index.php(28): Laravel\\Lumen\\Application->run()
#31 {main}
"} 
