[2021-10-18 08:06:08] local.ERROR: Please provide a valid cache path. {"exception":"[object] (InvalidArgumentException(code: 0): Please provide a valid cache path. at /var/www/vendor/illuminate/view/Compilers/Compiler.php:36)
[stacktrace]
#0 /var/www/vendor/illuminate/view/ViewServiceProvider.php(91): Illuminate\\View\\Compilers\\Compiler->__construct(Object(Illuminate\\Filesystem\\Filesystem), false)
#1 /var/www/vendor/illuminate/container/Container.php(805): Illuminate\\View\\ViewServiceProvider->Illuminate\\View\\{closure}(Object(Laravel\\Lumen\\Application), Array)
#2 /var/www/vendor/illuminate/container/Container.php(691): Illuminate\\Container\\Container->build(Object(Closure))
#3 /var/www/vendor/illuminate/container/Container.php(637): Illuminate\\Container\\Container->resolve('blade.compiler', Array)
#4 /var/www/vendor/laravel/lumen-framework/src/Application.php(300): Illuminate\\Container\\Container->make('blade.compiler', Array)
#5 /var/www/vendor/illuminate/container/Container.php(1284): Laravel\\Lumen\\Application->make('blade.compiler')
#6 /var/www/vendor/illuminate/view/ViewServiceProvider.php(151): Illuminate\\Container\\Container->offsetGet('blade.compiler')
#7 [internal function]: Illuminate\\View\\ViewServiceProvider->Illuminate\\View\\{closure}()
#8 /var/www/vendor/illuminate/view/Engines/EngineResolver.php(55): call_user_func(Object(Closure))
#9 /var/www/vendor/illuminate/view/Factory.php(296): Illuminate\\View\\Engines\\EngineResolver->resolve('blade')
#10 /var/www/vendor/illuminate/view/Factory.php(260): Illuminate\\View\\Factory->getEngineFromPath('/var/www/resour...')
#11 /var/www/vendor/illuminate/view/Factory.php(146): Illuminate\\View\\Factory->viewInstance('welcome', '/var/www/resour...', Array)
#12 /var/www/routes/web.php(17): Illuminate\\View\\Factory->make('welcome', Array)
#13 /var/www/vendor/illuminate/container/BoundMethod.php(36): Closure->{closure}()
#14 /var/www/vendor/illuminate/container/Util.php(37): Illuminate\\Container\\BoundMethod::Illuminate\\Container\\{closure}()
#15 /var/www/vendor/illuminate/container/BoundMethod.php(81): Illuminate\\Container\\Util::unwrapIfClosure(Object(Closure))
#16 /var/www/vendor/illuminate/container/BoundMethod.php(37): Illuminate\\Container\\BoundMethod::callBoundMethod(Object(Laravel\\Lumen\\Application), Object(Closure), Object(Closure))
#17 /var/www/vendor/illuminate/container/Container.php(596): Illuminate\\Container\\BoundMethod::call(Object(Laravel\\Lumen\\Application), Object(Closure), Array, NULL)
#18 /var/www/vendor/laravel/lumen-framework/src/Concerns/RoutesRequests.php(299): Illuminate\\Container\\Container->call(Object(Closure), Array)
#19 /var/www/vendor/laravel/lumen-framework/src/Concerns/RoutesRequests.php(264): Laravel\\Lumen\\Application->callActionOnArrayBasedRoute(Array)
#20 /var/www/vendor/laravel/lumen-framework/src/Concerns/RoutesRequests.php(166): Laravel\\Lumen\\Application->handleFoundRoute(Array)
#21 [internal function]: Laravel\\Lumen\\Application->Laravel\\Lumen\\Concerns\\{closure}(Object(Laravel\\Lumen\\Http\\Request))
#22 /var/www/vendor/laravel/lumen-framework/src/Routing/Pipeline.php(48): call_user_func(Object(Closure), Object(Laravel\\Lumen\\Http\\Request))
#23 /var/www/vendor/fruitcake/laravel-cors/src/HandleCors.php(38): Laravel\\Lumen\\Routing\\Pipeline->Laravel\\Lumen\\Routing\\{closure}(Object(Laravel\\Lumen\\Http\\Request))
#24 /var/www/vendor/illuminate/pipeline/Pipeline.php(167): Fruitcake\\Cors\\HandleCors->handle(Object(Laravel\\Lumen\\Http\\Request), Object(Closure))
#25 [internal function]: Illuminate\\Pipeline\\Pipeline->Illuminate\\Pipeline\\{closure}(Object(Laravel\\Lumen\\Http\\Request))
#26 /var/www/vendor/laravel/lumen-framework/src/Routing/Pipeline.php(30): call_user_func(Object(Closure), Object(Laravel\\Lumen\\Http\\Request))
#27 /var/www/vendor/illuminate/pipeline/Pipeline.php(103): Laravel\\Lumen\\Routing\\Pipeline->Laravel\\Lumen\\Routing\\{closure}(Object(Laravel\\Lumen\\Http\\Request))
#28 /var/www/vendor/laravel/lumen-framework/src/Concerns/RoutesRequests.php(423): Illuminate\\Pipeline\\Pipeline->then(Object(Closure))
#29 /var/www/vendor/laravel/lumen-framework/src/Concerns/RoutesRequests.php(172): Laravel\\Lumen\\Application->sendThroughPipeline(Array, Object(Closure))
#30 /var/www/vendor/laravel/lumen-framework/src/Concerns/RoutesRequests.php(109): Laravel\\Lumen\\Application->dispatch(NULL)
#31 /var/www/public/index.php(28): Laravel\\Lumen\\Application->run()
#32 {main}
"} 
[2021-10-18 08:06:23] local.ERROR: Please provide a valid cache path. {"exception":"[object] (InvalidArgumentException(code: 0): Please provide a valid cache path. at /var/www/vendor/illuminate/view/Compilers/Compiler.php:36)
[stacktrace]
#0 /var/www/vendor/illuminate/view/ViewServiceProvider.php(91): Illuminate\\View\\Compilers\\Compiler->__construct(Object(Illuminate\\Filesystem\\Filesystem), false)
#1 /var/www/vendor/illuminate/container/Container.php(805): Illuminate\\View\\ViewServiceProvider->Illuminate\\View\\{closure}(Object(Laravel\\Lumen\\Application), Array)
#2 /var/www/vendor/illuminate/container/Container.php(691): Illuminate\\Container\\Container->build(Object(Closure))
#3 /var/www/vendor/illuminate/container/Container.php(637): Illuminate\\Container\\Container->resolve('blade.compiler', Array)
#4 /var/www/vendor/laravel/lumen-framework/src/Application.php(300): Illuminate\\Container\\Container->make('blade.compiler', Array)
#5 /var/www/vendor/illuminate/container/Container.php(1284): Laravel\\Lumen\\Application->make('blade.compiler')
#6 /var/www/vendor/illuminate/view/ViewServiceProvider.php(151): Illuminate\\Container\\Container->offsetGet('blade.compiler')
#7 [internal function]: Illuminate\\View\\ViewServiceProvider->Illuminate\\View\\{closure}()
#8 /var/www/vendor/illuminate/view/Engines/EngineResolver.php(55): call_user_func(Object(Closure))
#9 /var/www/vendor/illuminate/view/Factory.php(296): Illuminate\\View\\Engines\\EngineResolver->resolve('blade')
#10 /var/www/vendor/illuminate/view/Factory.php(260): Illuminate\\View\\Factory->getEngineFromPath('/var/www/resour...')
#11 /var/www/vendor/illuminate/view/Factory.php(146): Illuminate\\View\\Factory->viewInstance('welcome', '/var/www/resour...', Array)
#12 /var/www/routes/web.php(17): Illuminate\\View\\Factory->make('welcome', Array)
#13 /var/www/vendor/illuminate/container/BoundMethod.php(36): Closure->{closure}()
#14 /var/www/vendor/illuminate/container/Util.php(37): Illuminate\\Container\\BoundMethod::Illuminate\\Container\\{closure}()
#15 /var/www/vendor/illuminate/container/BoundMethod.php(81): Illuminate\\Container\\Util::unwrapIfClosure(Object(Closure))
#16 /var/www/vendor/illuminate/container/BoundMethod.php(37): Illuminate\\Container\\BoundMethod::callBoundMethod(Object(Laravel\\Lumen\\Application), Object(Closure), Object(Closure))
#17 /var/www/vendor/illuminate/container/Container.php(596): Illuminate\\Container\\BoundMethod::call(Object(Laravel\\Lumen\\Application), Object(Closure), Array, NULL)
#18 /var/www/vendor/laravel/lumen-framework/src/Concerns/RoutesRequests.php(299): Illuminate\\Container\\Container->call(Object(Closure), Array)
#19 /var/www/vendor/laravel/lumen-framework/src/Concerns/RoutesRequests.php(264): Laravel\\Lumen\\Application->callActionOnArrayBasedRoute(Array)
#20 /var/www/vendor/laravel/lumen-framework/src/Concerns/RoutesRequests.php(166): Laravel\\Lumen\\Application->handleFoundRoute(Array)
#21 [internal function]: Laravel\\Lumen\\Application->Laravel\\Lumen\\Concerns\\{closure}(Object(Laravel\\Lumen\\Http\\Request))
#22 /var/www/vendor/laravel/lumen-framework/src/Routing/Pipeline.php(48): call_user_func(Object(Closure), Object(Laravel\\Lumen\\Http\\Request))
#23 /var/www/vendor/fruitcake/laravel-cors/src/HandleCors.php(38): Laravel\\Lumen\\Routing\\Pipeline->Laravel\\Lumen\\Routing\\{closure}(Object(Laravel\\Lumen\\Http\\Request))
#24 /var/www/vendor/illuminate/pipeline/Pipeline.php(167): Fruitcake\\Cors\\HandleCors->handle(Object(Laravel\\Lumen\\Http\\Request), Object(Closure))
#25 [internal function]: Illuminate\\Pipeline\\Pipeline->Illuminate\\Pipeline\\{closure}(Object(Laravel\\Lumen\\Http\\Request))
#26 /var/www/vendor/laravel/lumen-framework/src/Routing/Pipeline.php(30): call_user_func(Object(Closure), Object(Laravel\\Lumen\\Http\\Request))
#27 /var/www/vendor/illuminate/pipeline/Pipeline.php(103): Laravel\\Lumen\\Routing\\Pipeline->Laravel\\Lumen\\Routing\\{closure}(Object(Laravel\\Lumen\\Http\\Request))
#28 /var/www/vendor/laravel/lumen-framework/src/Concerns/RoutesRequests.php(423): Illuminate\\Pipeline\\Pipeline->then(Object(Closure))
#29 /var/www/vendor/laravel/lumen-framework/src/Concerns/RoutesRequests.php(172): Laravel\\Lumen\\Application->sendThroughPipeline(Array, Object(Closure))
#30 /var/www/vendor/laravel/lumen-framework/src/Concerns/RoutesRequests.php(109): Laravel\\Lumen\\Application->dispatch(NULL)
#31 /var/www/public/index.php(28): Laravel\\Lumen\\Application->run()
#32 {main}
"} 
[2021-10-18 08:07:52] local.ERROR: Please provide a valid cache path. {"exception":"[object] (InvalidArgumentException(code: 0): Please provide a valid cache path. at /var/www/vendor/illuminate/view/Compilers/Compiler.php:36)
[stacktrace]
#0 /var/www/vendor/illuminate/view/ViewServiceProvider.php(91): Illuminate\\View\\Compilers\\Compiler->__construct(Object(Illuminate\\Filesystem\\Filesystem), false)
#1 /var/www/vendor/illuminate/container/Container.php(805): Illuminate\\View\\ViewServiceProvider->Illuminate\\View\\{closure}(Object(Laravel\\Lumen\\Application), Array)
#2 /var/www/vendor/illuminate/container/Container.php(691): Illuminate\\Container\\Container->build(Object(Closure))
#3 /var/www/vendor/illuminate/container/Container.php(637): Illuminate\\Container\\Container->resolve('blade.compiler', Array)
#4 /var/www/vendor/laravel/lumen-framework/src/Application.php(300): Illuminate\\Container\\Container->make('blade.compiler', Array)
#5 /var/www/vendor/illuminate/container/Container.php(1284): Laravel\\Lumen\\Application->make('blade.compiler')
#6 /var/www/vendor/illuminate/view/ViewServiceProvider.php(151): Illuminate\\Container\\Container->offsetGet('blade.compiler')
#7 [internal function]: Illuminate\\View\\ViewServiceProvider->Illuminate\\View\\{closure}()
#8 /var/www/vendor/illuminate/view/Engines/EngineResolver.php(55): call_user_func(Object(Closure))
#9 /var/www/vendor/illuminate/view/Factory.php(296): Illuminate\\View\\Engines\\EngineResolver->resolve('blade')
#10 /var/www/vendor/illuminate/view/Factory.php(260): Illuminate\\View\\Factory->getEngineFromPath('/var/www/resour...')
#11 /var/www/vendor/illuminate/view/Factory.php(146): Illuminate\\View\\Factory->viewInstance('welcome', '/var/www/resour...', Array)
#12 /var/www/routes/web.php(17): Illuminate\\View\\Factory->make('welcome', Array)
#13 /var/www/vendor/illuminate/container/BoundMethod.php(36): Closure->{closure}()
#14 /var/www/vendor/illuminate/container/Util.php(37): Illuminate\\Container\\BoundMethod::Illuminate\\Container\\{closure}()
#15 /var/www/vendor/illuminate/container/BoundMethod.php(81): Illuminate\\Container\\Util::unwrapIfClosure(Object(Closure))
#16 /var/www/vendor/illuminate/container/BoundMethod.php(37): Illuminate\\Container\\BoundMethod::callBoundMethod(Object(Laravel\\Lumen\\Application), Object(Closure), Object(Closure))
#17 /var/www/vendor/illuminate/container/Container.php(596): Illuminate\\Container\\BoundMethod::call(Object(Laravel\\Lumen\\Application), Object(Closure), Array, NULL)
#18 /var/www/vendor/laravel/lumen-framework/src/Concerns/RoutesRequests.php(299): Illuminate\\Container\\Container->call(Object(Closure), Array)
#19 /var/www/vendor/laravel/lumen-framework/src/Concerns/RoutesRequests.php(264): Laravel\\Lumen\\Application->callActionOnArrayBasedRoute(Array)
#20 /var/www/vendor/laravel/lumen-framework/src/Concerns/RoutesRequests.php(166): Laravel\\Lumen\\Application->handleFoundRoute(Array)
#21 [internal function]: Laravel\\Lumen\\Application->Laravel\\Lumen\\Concerns\\{closure}(Object(Laravel\\Lumen\\Http\\Request))
#22 /var/www/vendor/laravel/lumen-framework/src/Routing/Pipeline.php(48): call_user_func(Object(Closure), Object(Laravel\\Lumen\\Http\\Request))
#23 /var/www/vendor/fruitcake/laravel-cors/src/HandleCors.php(38): Laravel\\Lumen\\Routing\\Pipeline->Laravel\\Lumen\\Routing\\{closure}(Object(Laravel\\Lumen\\Http\\Request))
#24 /var/www/vendor/illuminate/pipeline/Pipeline.php(167): Fruitcake\\Cors\\HandleCors->handle(Object(Laravel\\Lumen\\Http\\Request), Object(Closure))
#25 [internal function]: Illuminate\\Pipeline\\Pipeline->Illuminate\\Pipeline\\{closure}(Object(Laravel\\Lumen\\Http\\Request))
#26 /var/www/vendor/laravel/lumen-framework/src/Routing/Pipeline.php(30): call_user_func(Object(Closure), Object(Laravel\\Lumen\\Http\\Request))
#27 /var/www/vendor/illuminate/pipeline/Pipeline.php(103): Laravel\\Lumen\\Routing\\Pipeline->Laravel\\Lumen\\Routing\\{closure}(Object(Laravel\\Lumen\\Http\\Request))
#28 /var/www/vendor/laravel/lumen-framework/src/Concerns/RoutesRequests.php(423): Illuminate\\Pipeline\\Pipeline->then(Object(Closure))
#29 /var/www/vendor/laravel/lumen-framework/src/Concerns/RoutesRequests.php(172): Laravel\\Lumen\\Application->sendThroughPipeline(Array, Object(Closure))
#30 /var/www/vendor/laravel/lumen-framework/src/Concerns/RoutesRequests.php(109): Laravel\\Lumen\\Application->dispatch(NULL)
#31 /var/www/public/index.php(28): Laravel\\Lumen\\Application->run()
#32 {main}
"} 
[2021-10-18 08:10:39] local.ERROR: Please provide a valid cache path. {"exception":"[object] (InvalidArgumentException(code: 0): Please provide a valid cache path. at /var/www/vendor/illuminate/view/Compilers/Compiler.php:36)
[stacktrace]
#0 /var/www/vendor/illuminate/view/ViewServiceProvider.php(91): Illuminate\\View\\Compilers\\Compiler->__construct(Object(Illuminate\\Filesystem\\Filesystem), false)
#1 /var/www/vendor/illuminate/container/Container.php(805): Illuminate\\View\\ViewServiceProvider->Illuminate\\View\\{closure}(Object(Laravel\\Lumen\\Application), Array)
#2 /var/www/vendor/illuminate/container/Container.php(691): Illuminate\\Container\\Container->build(Object(Closure))
#3 /var/www/vendor/illuminate/container/Container.php(637): Illuminate\\Container\\Container->resolve('blade.compiler', Array)
#4 /var/www/vendor/laravel/lumen-framework/src/Application.php(300): Illuminate\\Container\\Container->make('blade.compiler', Array)
#5 /var/www/vendor/illuminate/container/Container.php(1284): Laravel\\Lumen\\Application->make('blade.compiler')
#6 /var/www/vendor/illuminate/view/ViewServiceProvider.php(151): Illuminate\\Container\\Container->offsetGet('blade.compiler')
#7 [internal function]: Illuminate\\View\\ViewServiceProvider->Illuminate\\View\\{closure}()
#8 /var/www/vendor/illuminate/view/Engines/EngineResolver.php(55): call_user_func(Object(Closure))
#9 /var/www/vendor/illuminate/view/Factory.php(296): Illuminate\\View\\Engines\\EngineResolver->resolve('blade')
#10 /var/www/vendor/illuminate/view/Factory.php(260): Illuminate\\View\\Factory->getEngineFromPath('/var/www/resour...')
#11 /var/www/vendor/illuminate/view/Factory.php(146): Illuminate\\View\\Factory->viewInstance('welcome', '/var/www/resour...', Array)
#12 /var/www/routes/web.php(17): Illuminate\\View\\Factory->make('welcome', Array)
#13 /var/www/vendor/illuminate/container/BoundMethod.php(36): Closure->{closure}()
#14 /var/www/vendor/illuminate/container/Util.php(37): Illuminate\\Container\\BoundMethod::Illuminate\\Container\\{closure}()
#15 /var/www/vendor/illuminate/container/BoundMethod.php(81): Illuminate\\Container\\Util::unwrapIfClosure(Object(Closure))
#16 /var/www/vendor/illuminate/container/BoundMethod.php(37): Illuminate\\Container\\BoundMethod::callBoundMethod(Object(Laravel\\Lumen\\Application), Object(Closure), Object(Closure))
#17 /var/www/vendor/illuminate/container/Container.php(596): Illuminate\\Container\\BoundMethod::call(Object(Laravel\\Lumen\\Application), Object(Closure), Array, NULL)
#18 /var/www/vendor/laravel/lumen-framework/src/Concerns/RoutesRequests.php(299): Illuminate\\Container\\Container->call(Object(Closure), Array)
#19 /var/www/vendor/laravel/lumen-framework/src/Concerns/RoutesRequests.php(264): Laravel\\Lumen\\Application->callActionOnArrayBasedRoute(Array)
#20 /var/www/vendor/laravel/lumen-framework/src/Concerns/RoutesRequests.php(166): Laravel\\Lumen\\Application->handleFoundRoute(Array)
#21 [internal function]: Laravel\\Lumen\\Application->Laravel\\Lumen\\Concerns\\{closure}(Object(Laravel\\Lumen\\Http\\Request))
#22 /var/www/vendor/laravel/lumen-framework/src/Routing/Pipeline.php(48): call_user_func(Object(Closure), Object(Laravel\\Lumen\\Http\\Request))
#23 /var/www/vendor/fruitcake/laravel-cors/src/HandleCors.php(38): Laravel\\Lumen\\Routing\\Pipeline->Laravel\\Lumen\\Routing\\{closure}(Object(Laravel\\Lumen\\Http\\Request))
#24 /var/www/vendor/illuminate/pipeline/Pipeline.php(167): Fruitcake\\Cors\\HandleCors->handle(Object(Laravel\\Lumen\\Http\\Request), Object(Closure))
#25 [internal function]: Illuminate\\Pipeline\\Pipeline->Illuminate\\Pipeline\\{closure}(Object(Laravel\\Lumen\\Http\\Request))
#26 /var/www/vendor/laravel/lumen-framework/src/Routing/Pipeline.php(30): call_user_func(Object(Closure), Object(Laravel\\Lumen\\Http\\Request))
#27 /var/www/vendor/illuminate/pipeline/Pipeline.php(103): Laravel\\Lumen\\Routing\\Pipeline->Laravel\\Lumen\\Routing\\{closure}(Object(Laravel\\Lumen\\Http\\Request))
#28 /var/www/vendor/laravel/lumen-framework/src/Concerns/RoutesRequests.php(423): Illuminate\\Pipeline\\Pipeline->then(Object(Closure))
#29 /var/www/vendor/laravel/lumen-framework/src/Concerns/RoutesRequests.php(172): Laravel\\Lumen\\Application->sendThroughPipeline(Array, Object(Closure))
#30 /var/www/vendor/laravel/lumen-framework/src/Concerns/RoutesRequests.php(109): Laravel\\Lumen\\Application->dispatch(NULL)
#31 /var/www/public/index.php(28): Laravel\\Lumen\\Application->run()
#32 {main}
"} 
[2021-10-18 08:12:14] local.ERROR: There are no commands defined in the "views" namespace. {"exception":"[object] (Symfony\\Component\\Console\\Exception\\NamespaceNotFoundException(code: 0): There are no commands defined in the \"views\" namespace. at /home/roni/Docker/6.12.pestcontrol.db/src/vendor/symfony/console/Application.php:605)
[stacktrace]
#0 /home/roni/Docker/6.12.pestcontrol.db/src/vendor/symfony/console/Application.php(656): Symfony\\Component\\Console\\Application->findNamespace()
#1 /home/roni/Docker/6.12.pestcontrol.db/src/vendor/symfony/console/Application.php(254): Symfony\\Component\\Console\\Application->find()
#2 /home/roni/Docker/6.12.pestcontrol.db/src/vendor/symfony/console/Application.php(166): Symfony\\Component\\Console\\Application->doRun()
#3 /home/roni/Docker/6.12.pestcontrol.db/src/vendor/illuminate/console/Application.php(93): Symfony\\Component\\Console\\Application->run()
#4 /home/roni/Docker/6.12.pestcontrol.db/src/vendor/laravel/lumen-framework/src/Console/Kernel.php(116): Illuminate\\Console\\Application->run()
#5 /home/roni/Docker/6.12.pestcontrol.db/src/artisan(35): Laravel\\Lumen\\Console\\Kernel->handle()
#6 {main}
"} 
[2021-10-18 08:12:18] local.ERROR: There are no commands defined in the "view" namespace. {"exception":"[object] (Symfony\\Component\\Console\\Exception\\NamespaceNotFoundException(code: 0): There are no commands defined in the \"view\" namespace. at /home/roni/Docker/6.12.pestcontrol.db/src/vendor/symfony/console/Application.php:605)
[stacktrace]
#0 /home/roni/Docker/6.12.pestcontrol.db/src/vendor/symfony/console/Application.php(656): Symfony\\Component\\Console\\Application->findNamespace()
#1 /home/roni/Docker/6.12.pestcontrol.db/src/vendor/symfony/console/Application.php(254): Symfony\\Component\\Console\\Application->find()
#2 /home/roni/Docker/6.12.pestcontrol.db/src/vendor/symfony/console/Application.php(166): Symfony\\Component\\Console\\Application->doRun()
#3 /home/roni/Docker/6.12.pestcontrol.db/src/vendor/illuminate/console/Application.php(93): Symfony\\Component\\Console\\Application->run()
#4 /home/roni/Docker/6.12.pestcontrol.db/src/vendor/laravel/lumen-framework/src/Console/Kernel.php(116): Illuminate\\Console\\Application->run()
#5 /home/roni/Docker/6.12.pestcontrol.db/src/artisan(35): Laravel\\Lumen\\Console\\Kernel->handle()
#6 {main}
"} 
[2021-10-18 08:12:47] local.ERROR: Command "config" is not defined. {"exception":"[object] (Symfony\\Component\\Console\\Exception\\CommandNotFoundException(code: 0): Command \"config\" is not defined. at /home/roni/Docker/6.12.pestcontrol.db/src/vendor/symfony/console/Application.php:675)
[stacktrace]
#0 /home/roni/Docker/6.12.pestcontrol.db/src/vendor/symfony/console/Application.php(254): Symfony\\Component\\Console\\Application->find()
#1 /home/roni/Docker/6.12.pestcontrol.db/src/vendor/symfony/console/Application.php(166): Symfony\\Component\\Console\\Application->doRun()
#2 /home/roni/Docker/6.12.pestcontrol.db/src/vendor/illuminate/console/Application.php(93): Symfony\\Component\\Console\\Application->run()
#3 /home/roni/Docker/6.12.pestcontrol.db/src/vendor/laravel/lumen-framework/src/Console/Kernel.php(116): Illuminate\\Console\\Application->run()
#4 /home/roni/Docker/6.12.pestcontrol.db/src/artisan(35): Laravel\\Lumen\\Console\\Kernel->handle()
#5 {main}
"} 
[2021-10-18 08:12:50] local.ERROR: There are no commands defined in the "config" namespace. {"exception":"[object] (Symfony\\Component\\Console\\Exception\\NamespaceNotFoundException(code: 0): There are no commands defined in the \"config\" namespace. at /home/roni/Docker/6.12.pestcontrol.db/src/vendor/symfony/console/Application.php:605)
[stacktrace]
#0 /home/roni/Docker/6.12.pestcontrol.db/src/vendor/symfony/console/Application.php(656): Symfony\\Component\\Console\\Application->findNamespace()
#1 /home/roni/Docker/6.12.pestcontrol.db/src/vendor/symfony/console/Application.php(254): Symfony\\Component\\Console\\Application->find()
#2 /home/roni/Docker/6.12.pestcontrol.db/src/vendor/symfony/console/Application.php(166): Symfony\\Component\\Console\\Application->doRun()
#3 /home/roni/Docker/6.12.pestcontrol.db/src/vendor/illuminate/console/Application.php(93): Symfony\\Component\\Console\\Application->run()
#4 /home/roni/Docker/6.12.pestcontrol.db/src/vendor/laravel/lumen-framework/src/Console/Kernel.php(116): Illuminate\\Console\\Application->run()
#5 /home/roni/Docker/6.12.pestcontrol.db/src/artisan(35): Laravel\\Lumen\\Console\\Kernel->handle()
#6 {main}
"} 
[2021-10-18 08:12:57] local.ERROR: There are no commands defined in the "view" namespace. {"exception":"[object] (Symfony\\Component\\Console\\Exception\\NamespaceNotFoundException(code: 0): There are no commands defined in the \"view\" namespace. at /home/roni/Docker/6.12.pestcontrol.db/src/vendor/symfony/console/Application.php:605)
[stacktrace]
#0 /home/roni/Docker/6.12.pestcontrol.db/src/vendor/symfony/console/Application.php(656): Symfony\\Component\\Console\\Application->findNamespace()
#1 /home/roni/Docker/6.12.pestcontrol.db/src/vendor/symfony/console/Application.php(254): Symfony\\Component\\Console\\Application->find()
#2 /home/roni/Docker/6.12.pestcontrol.db/src/vendor/symfony/console/Application.php(166): Symfony\\Component\\Console\\Application->doRun()
#3 /home/roni/Docker/6.12.pestcontrol.db/src/vendor/illuminate/console/Application.php(93): Symfony\\Component\\Console\\Application->run()
#4 /home/roni/Docker/6.12.pestcontrol.db/src/vendor/laravel/lumen-framework/src/Console/Kernel.php(116): Illuminate\\Console\\Application->run()
#5 /home/roni/Docker/6.12.pestcontrol.db/src/artisan(35): Laravel\\Lumen\\Console\\Kernel->handle()
#6 {main}
"} 
[2021-10-18 08:13:14] local.ERROR: Please provide a valid cache path. {"exception":"[object] (InvalidArgumentException(code: 0): Please provide a valid cache path. at /var/www/vendor/illuminate/view/Compilers/Compiler.php:36)
[stacktrace]
#0 /var/www/vendor/illuminate/view/ViewServiceProvider.php(91): Illuminate\\View\\Compilers\\Compiler->__construct(Object(Illuminate\\Filesystem\\Filesystem), false)
#1 /var/www/vendor/illuminate/container/Container.php(805): Illuminate\\View\\ViewServiceProvider->Illuminate\\View\\{closure}(Object(Laravel\\Lumen\\Application), Array)
#2 /var/www/vendor/illuminate/container/Container.php(691): Illuminate\\Container\\Container->build(Object(Closure))
#3 /var/www/vendor/illuminate/container/Container.php(637): Illuminate\\Container\\Container->resolve('blade.compiler', Array)
#4 /var/www/vendor/laravel/lumen-framework/src/Application.php(300): Illuminate\\Container\\Container->make('blade.compiler', Array)
#5 /var/www/vendor/illuminate/container/Container.php(1284): Laravel\\Lumen\\Application->make('blade.compiler')
#6 /var/www/vendor/illuminate/view/ViewServiceProvider.php(151): Illuminate\\Container\\Container->offsetGet('blade.compiler')
#7 [internal function]: Illuminate\\View\\ViewServiceProvider->Illuminate\\View\\{closure}()
#8 /var/www/vendor/illuminate/view/Engines/EngineResolver.php(55): call_user_func(Object(Closure))
#9 /var/www/vendor/illuminate/view/Factory.php(296): Illuminate\\View\\Engines\\EngineResolver->resolve('blade')
#10 /var/www/vendor/illuminate/view/Factory.php(260): Illuminate\\View\\Factory->getEngineFromPath('/var/www/resour...')
#11 /var/www/vendor/illuminate/view/Factory.php(146): Illuminate\\View\\Factory->viewInstance('welcome', '/var/www/resour...', Array)
#12 /var/www/routes/web.php(17): Illuminate\\View\\Factory->make('welcome', Array)
#13 /var/www/vendor/illuminate/container/BoundMethod.php(36): Closure->{closure}()
#14 /var/www/vendor/illuminate/container/Util.php(37): Illuminate\\Container\\BoundMethod::Illuminate\\Container\\{closure}()
#15 /var/www/vendor/illuminate/container/BoundMethod.php(81): Illuminate\\Container\\Util::unwrapIfClosure(Object(Closure))
#16 /var/www/vendor/illuminate/container/BoundMethod.php(37): Illuminate\\Container\\BoundMethod::callBoundMethod(Object(Laravel\\Lumen\\Application), Object(Closure), Object(Closure))
#17 /var/www/vendor/illuminate/container/Container.php(596): Illuminate\\Container\\BoundMethod::call(Object(Laravel\\Lumen\\Application), Object(Closure), Array, NULL)
#18 /var/www/vendor/laravel/lumen-framework/src/Concerns/RoutesRequests.php(299): Illuminate\\Container\\Container->call(Object(Closure), Array)
#19 /var/www/vendor/laravel/lumen-framework/src/Concerns/RoutesRequests.php(264): Laravel\\Lumen\\Application->callActionOnArrayBasedRoute(Array)
#20 /var/www/vendor/laravel/lumen-framework/src/Concerns/RoutesRequests.php(166): Laravel\\Lumen\\Application->handleFoundRoute(Array)
#21 [internal function]: Laravel\\Lumen\\Application->Laravel\\Lumen\\Concerns\\{closure}(Object(Laravel\\Lumen\\Http\\Request))
#22 /var/www/vendor/laravel/lumen-framework/src/Routing/Pipeline.php(48): call_user_func(Object(Closure), Object(Laravel\\Lumen\\Http\\Request))
#23 /var/www/vendor/fruitcake/laravel-cors/src/HandleCors.php(38): Laravel\\Lumen\\Routing\\Pipeline->Laravel\\Lumen\\Routing\\{closure}(Object(Laravel\\Lumen\\Http\\Request))
#24 /var/www/vendor/illuminate/pipeline/Pipeline.php(167): Fruitcake\\Cors\\HandleCors->handle(Object(Laravel\\Lumen\\Http\\Request), Object(Closure))
#25 [internal function]: Illuminate\\Pipeline\\Pipeline->Illuminate\\Pipeline\\{closure}(Object(Laravel\\Lumen\\Http\\Request))
#26 /var/www/vendor/laravel/lumen-framework/src/Routing/Pipeline.php(30): call_user_func(Object(Closure), Object(Laravel\\Lumen\\Http\\Request))
#27 /var/www/vendor/illuminate/pipeline/Pipeline.php(103): Laravel\\Lumen\\Routing\\Pipeline->Laravel\\Lumen\\Routing\\{closure}(Object(Laravel\\Lumen\\Http\\Request))
#28 /var/www/vendor/laravel/lumen-framework/src/Concerns/RoutesRequests.php(423): Illuminate\\Pipeline\\Pipeline->then(Object(Closure))
#29 /var/www/vendor/laravel/lumen-framework/src/Concerns/RoutesRequests.php(172): Laravel\\Lumen\\Application->sendThroughPipeline(Array, Object(Closure))
#30 /var/www/vendor/laravel/lumen-framework/src/Concerns/RoutesRequests.php(109): Laravel\\Lumen\\Application->dispatch(NULL)
#31 /var/www/public/index.php(28): Laravel\\Lumen\\Application->run()
#32 {main}
"} 
[2021-10-18 08:14:09] local.ERROR: Please provide a valid cache path. {"exception":"[object] (InvalidArgumentException(code: 0): Please provide a valid cache path. at /var/www/vendor/illuminate/view/Compilers/Compiler.php:36)
[stacktrace]
#0 /var/www/vendor/illuminate/view/ViewServiceProvider.php(91): Illuminate\\View\\Compilers\\Compiler->__construct(Object(Illuminate\\Filesystem\\Filesystem), false)
#1 /var/www/vendor/illuminate/container/Container.php(805): Illuminate\\View\\ViewServiceProvider->Illuminate\\View\\{closure}(Object(Laravel\\Lumen\\Application), Array)
#2 /var/www/vendor/illuminate/container/Container.php(691): Illuminate\\Container\\Container->build(Object(Closure))
#3 /var/www/vendor/illuminate/container/Container.php(637): Illuminate\\Container\\Container->resolve('blade.compiler', Array)
#4 /var/www/vendor/laravel/lumen-framework/src/Application.php(300): Illuminate\\Container\\Container->make('blade.compiler', Array)
#5 /var/www/vendor/illuminate/container/Container.php(1284): Laravel\\Lumen\\Application->make('blade.compiler')
#6 /var/www/vendor/illuminate/view/ViewServiceProvider.php(151): Illuminate\\Container\\Container->offsetGet('blade.compiler')
#7 [internal function]: Illuminate\\View\\ViewServiceProvider->Illuminate\\View\\{closure}()
#8 /var/www/vendor/illuminate/view/Engines/EngineResolver.php(55): call_user_func(Object(Closure))
#9 /var/www/vendor/illuminate/view/Factory.php(296): Illuminate\\View\\Engines\\EngineResolver->resolve('blade')
#10 /var/www/vendor/illuminate/view/Factory.php(260): Illuminate\\View\\Factory->getEngineFromPath('/var/www/resour...')
#11 /var/www/vendor/illuminate/view/Factory.php(146): Illuminate\\View\\Factory->viewInstance('welcome', '/var/www/resour...', Array)
#12 /var/www/routes/web.php(17): Illuminate\\View\\Factory->make('welcome', Array)
#13 /var/www/vendor/illuminate/container/BoundMethod.php(36): Closure->{closure}()
#14 /var/www/vendor/illuminate/container/Util.php(37): Illuminate\\Container\\BoundMethod::Illuminate\\Container\\{closure}()
#15 /var/www/vendor/illuminate/container/BoundMethod.php(81): Illuminate\\Container\\Util::unwrapIfClosure(Object(Closure))
#16 /var/www/vendor/illuminate/container/BoundMethod.php(37): Illuminate\\Container\\BoundMethod::callBoundMethod(Object(Laravel\\Lumen\\Application), Object(Closure), Object(Closure))
#17 /var/www/vendor/illuminate/container/Container.php(596): Illuminate\\Container\\BoundMethod::call(Object(Laravel\\Lumen\\Application), Object(Closure), Array, NULL)
#18 /var/www/vendor/laravel/lumen-framework/src/Concerns/RoutesRequests.php(299): Illuminate\\Container\\Container->call(Object(Closure), Array)
#19 /var/www/vendor/laravel/lumen-framework/src/Concerns/RoutesRequests.php(264): Laravel\\Lumen\\Application->callActionOnArrayBasedRoute(Array)
#20 /var/www/vendor/laravel/lumen-framework/src/Concerns/RoutesRequests.php(166): Laravel\\Lumen\\Application->handleFoundRoute(Array)
#21 [internal function]: Laravel\\Lumen\\Application->Laravel\\Lumen\\Concerns\\{closure}(Object(Laravel\\Lumen\\Http\\Request))
#22 /var/www/vendor/laravel/lumen-framework/src/Routing/Pipeline.php(48): call_user_func(Object(Closure), Object(Laravel\\Lumen\\Http\\Request))
#23 /var/www/vendor/fruitcake/laravel-cors/src/HandleCors.php(38): Laravel\\Lumen\\Routing\\Pipeline->Laravel\\Lumen\\Routing\\{closure}(Object(Laravel\\Lumen\\Http\\Request))
#24 /var/www/vendor/illuminate/pipeline/Pipeline.php(167): Fruitcake\\Cors\\HandleCors->handle(Object(Laravel\\Lumen\\Http\\Request), Object(Closure))
#25 [internal function]: Illuminate\\Pipeline\\Pipeline->Illuminate\\Pipeline\\{closure}(Object(Laravel\\Lumen\\Http\\Request))
#26 /var/www/vendor/laravel/lumen-framework/src/Routing/Pipeline.php(30): call_user_func(Object(Closure), Object(Laravel\\Lumen\\Http\\Request))
#27 /var/www/vendor/illuminate/pipeline/Pipeline.php(103): Laravel\\Lumen\\Routing\\Pipeline->Laravel\\Lumen\\Routing\\{closure}(Object(Laravel\\Lumen\\Http\\Request))
#28 /var/www/vendor/laravel/lumen-framework/src/Concerns/RoutesRequests.php(423): Illuminate\\Pipeline\\Pipeline->then(Object(Closure))
#29 /var/www/vendor/laravel/lumen-framework/src/Concerns/RoutesRequests.php(172): Laravel\\Lumen\\Application->sendThroughPipeline(Array, Object(Closure))
#30 /var/www/vendor/laravel/lumen-framework/src/Concerns/RoutesRequests.php(109): Laravel\\Lumen\\Application->dispatch(NULL)
#31 /var/www/public/index.php(28): Laravel\\Lumen\\Application->run()
#32 {main}
"} 
[2021-10-18 08:25:17] local.ERROR: Unable to create the "/daily/report/" directory. {"exception":"[object] (Symfony\\Component\\HttpFoundation\\File\\Exception\\FileException(code: 0): Unable to create the \"/daily/report/\" directory. at /var/www/vendor/symfony/http-foundation/File/File.php:125)
[stacktrace]
#0 /var/www/vendor/symfony/http-foundation/File/UploadedFile.php(182): Symfony\\Component\\HttpFoundation\\File\\File->getTargetFile('/daily/report/', 'DRI_1634545516....')
#1 /var/www/app/Http/Controllers/Cleaning/V1/DailyReportDetailImagesController.php(70): Symfony\\Component\\HttpFoundation\\File\\UploadedFile->move('/daily/report/', 'DRI_1634545516....')
#2 /var/www/vendor/illuminate/container/BoundMethod.php(36): App\\Http\\Controllers\\Cleaning\\V1\\DailyReportDetailImagesController->uploadDailyReportImage(Object(Laravel\\Lumen\\Http\\Request))
#3 /var/www/vendor/illuminate/container/Util.php(37): Illuminate\\Container\\BoundMethod::Illuminate\\Container\\{closure}()
#4 /var/www/vendor/illuminate/container/BoundMethod.php(93): Illuminate\\Container\\Util::unwrapIfClosure(Object(Closure))
#5 /var/www/vendor/illuminate/container/BoundMethod.php(37): Illuminate\\Container\\BoundMethod::callBoundMethod(Object(Laravel\\Lumen\\Application), Array, Object(Closure))
#6 /var/www/vendor/illuminate/container/Container.php(596): Illuminate\\Container\\BoundMethod::call(Object(Laravel\\Lumen\\Application), Array, Array, NULL)
#7 /var/www/vendor/laravel/lumen-framework/src/Concerns/RoutesRequests.php(386): Illuminate\\Container\\Container->call(Array, Array)
#8 /var/www/vendor/laravel/lumen-framework/src/Concerns/RoutesRequests.php(352): Laravel\\Lumen\\Application->callControllerCallable(Array, Array)
#9 /var/www/vendor/laravel/lumen-framework/src/Concerns/RoutesRequests.php(326): Laravel\\Lumen\\Application->callLumenController(Object(App\\Http\\Controllers\\Cleaning\\V1\\DailyReportDetailImagesController), 'uploadDailyRepo...', Array)
#10 /var/www/vendor/laravel/lumen-framework/src/Concerns/RoutesRequests.php(279): Laravel\\Lumen\\Application->callControllerAction(Array)
#11 /var/www/vendor/laravel/lumen-framework/src/Concerns/RoutesRequests.php(259): Laravel\\Lumen\\Application->callActionOnArrayBasedRoute(Array)
#12 [internal function]: Laravel\\Lumen\\Application->Laravel\\Lumen\\Concerns\\{closure}(Object(Laravel\\Lumen\\Http\\Request))
#13 /var/www/vendor/laravel/lumen-framework/src/Routing/Pipeline.php(48): call_user_func(Object(Closure), Object(Laravel\\Lumen\\Http\\Request))
#14 /var/www/vendor/tymon/jwt-auth/src/Http/Middleware/Authenticate.php(32): Laravel\\Lumen\\Routing\\Pipeline->Laravel\\Lumen\\Routing\\{closure}(Object(Laravel\\Lumen\\Http\\Request))
#15 /var/www/vendor/illuminate/pipeline/Pipeline.php(167): Tymon\\JWTAuth\\Http\\Middleware\\Authenticate->handle(Object(Laravel\\Lumen\\Http\\Request), Object(Closure))
#16 [internal function]: Illuminate\\Pipeline\\Pipeline->Illuminate\\Pipeline\\{closure}(Object(Laravel\\Lumen\\Http\\Request))
#17 /var/www/vendor/laravel/lumen-framework/src/Routing/Pipeline.php(30): call_user_func(Object(Closure), Object(Laravel\\Lumen\\Http\\Request))
#18 /var/www/vendor/illuminate/pipeline/Pipeline.php(103): Laravel\\Lumen\\Routing\\Pipeline->Laravel\\Lumen\\Routing\\{closure}(Object(Laravel\\Lumen\\Http\\Request))
#19 /var/www/vendor/laravel/lumen-framework/src/Concerns/RoutesRequests.php(423): Illuminate\\Pipeline\\Pipeline->then(Object(Closure))
#20 /var/www/vendor/laravel/lumen-framework/src/Concerns/RoutesRequests.php(260): Laravel\\Lumen\\Application->sendThroughPipeline(Array, Object(Closure))
#21 /var/www/vendor/laravel/lumen-framework/src/Concerns/RoutesRequests.php(166): Laravel\\Lumen\\Application->handleFoundRoute(Array)
#22 [internal function]: Laravel\\Lumen\\Application->Laravel\\Lumen\\Concerns\\{closure}(Object(Laravel\\Lumen\\Http\\Request))
#23 /var/www/vendor/laravel/lumen-framework/src/Routing/Pipeline.php(48): call_user_func(Object(Closure), Object(Laravel\\Lumen\\Http\\Request))
#24 /var/www/vendor/fruitcake/laravel-cors/src/HandleCors.php(38): Laravel\\Lumen\\Routing\\Pipeline->Laravel\\Lumen\\Routing\\{closure}(Object(Laravel\\Lumen\\Http\\Request))
#25 /var/www/vendor/illuminate/pipeline/Pipeline.php(167): Fruitcake\\Cors\\HandleCors->handle(Object(Laravel\\Lumen\\Http\\Request), Object(Closure))
#26 [internal function]: Illuminate\\Pipeline\\Pipeline->Illuminate\\Pipeline\\{closure}(Object(Laravel\\Lumen\\Http\\Request))
#27 /var/www/vendor/laravel/lumen-framework/src/Routing/Pipeline.php(30): call_user_func(Object(Closure), Object(Laravel\\Lumen\\Http\\Request))
#28 /var/www/vendor/illuminate/pipeline/Pipeline.php(103): Laravel\\Lumen\\Routing\\Pipeline->Laravel\\Lumen\\Routing\\{closure}(Object(Laravel\\Lumen\\Http\\Request))
#29 /var/www/vendor/laravel/lumen-framework/src/Concerns/RoutesRequests.php(423): Illuminate\\Pipeline\\Pipeline->then(Object(Closure))
#30 /var/www/vendor/laravel/lumen-framework/src/Concerns/RoutesRequests.php(172): Laravel\\Lumen\\Application->sendThroughPipeline(Array, Object(Closure))
#31 /var/www/vendor/laravel/lumen-framework/src/Concerns/RoutesRequests.php(109): Laravel\\Lumen\\Application->dispatch(NULL)
#32 /var/www/public/index.php(28): Laravel\\Lumen\\Application->run()
#33 {main}
"} 
