[2021-09-17 12:55:51] local.ERROR: SQLSTATE[42S02]: Base table or view not found: 1146 Table 'cleaning.produk_layanan' doesn't exist (SQL: select `cleaning`.`produk_layanan`.`id`, `cleaning`.`produk_layanan`.`nama`, `cleaning`.`produk_layanan`.`deskripsi`, `cleaning`.`produk_layanan`.`gambar`, `cleaning`.`produk_layanan`.`narahubung`, `cleaning`.`produk_layanan`.`telp`, `cleaning`.`produk_layanan`.`email`, `ll`.`nama` as `layanan` from `produk_layanan` left join `layanan`.`layanan` as `ll` on `cleaning`.`produk_layanan`.`jenis_layanan` = `ll`.`id`) {"exception":"[object] (Illuminate\\Database\\QueryException(code: 42S02): SQLSTATE[42S02]: Base table or view not found: 1146 Table 'cleaning.produk_layanan' doesn't exist (SQL: select `cleaning`.`produk_layanan`.`id`, `cleaning`.`produk_layanan`.`nama`, `cleaning`.`produk_layanan`.`deskripsi`, `cleaning`.`produk_layanan`.`gambar`, `cleaning`.`produk_layanan`.`narahubung`, `cleaning`.`produk_layanan`.`telp`, `cleaning`.`produk_layanan`.`email`, `ll`.`nama` as `layanan` from `produk_layanan` left join `layanan`.`layanan` as `ll` on `cleaning`.`produk_layanan`.`jenis_layanan` = `ll`.`id`) at /var/www/vendor/illuminate/database/Connection.php:671)
[stacktrace]
#0 /var/www/vendor/illuminate/database/Connection.php(631): Illuminate\\Database\\Connection->runQueryCallback('select `cleanin...', Array, Object(Closure))
#1 /var/www/vendor/illuminate/database/Connection.php(339): Illuminate\\Database\\Connection->run('select `cleanin...', Array, Object(Closure))
#2 /var/www/vendor/illuminate/database/Query/Builder.php(2270): Illuminate\\Database\\Connection->select('select `cleanin...', Array, true)
#3 /var/www/vendor/illuminate/database/Query/Builder.php(2258): Illuminate\\Database\\Query\\Builder->runSelect()
#4 /var/www/vendor/illuminate/database/Query/Builder.php(2753): Illuminate\\Database\\Query\\Builder->Illuminate\\Database\\Query\\{closure}()
#5 /var/www/vendor/illuminate/database/Query/Builder.php(2259): Illuminate\\Database\\Query\\Builder->onceWithColumns(Array, Object(Closure))
#6 /var/www/vendor/illuminate/database/Eloquent/Builder.php(548): Illuminate\\Database\\Query\\Builder->get(Array)
#7 /var/www/vendor/illuminate/database/Eloquent/Builder.php(532): Illuminate\\Database\\Eloquent\\Builder->getModels(Array)
#8 /var/www/app/Http/Controllers/Cleaning/V1/ProductController.php(68): Illuminate\\Database\\Eloquent\\Builder->get()
#9 /var/www/vendor/illuminate/container/BoundMethod.php(36): App\\Http\\Controllers\\Cleaning\\V1\\ProductController->getProduct()
#10 /var/www/vendor/illuminate/container/Util.php(37): Illuminate\\Container\\BoundMethod::Illuminate\\Container\\{closure}()
#11 /var/www/vendor/illuminate/container/BoundMethod.php(93): Illuminate\\Container\\Util::unwrapIfClosure(Object(Closure))
#12 /var/www/vendor/illuminate/container/BoundMethod.php(37): Illuminate\\Container\\BoundMethod::callBoundMethod(Object(Laravel\\Lumen\\Application), Array, Object(Closure))
#13 /var/www/vendor/illuminate/container/Container.php(596): Illuminate\\Container\\BoundMethod::call(Object(Laravel\\Lumen\\Application), Array, Array, NULL)
#14 /var/www/vendor/laravel/lumen-framework/src/Concerns/RoutesRequests.php(386): Illuminate\\Container\\Container->call(Array, Array)
#15 /var/www/vendor/laravel/lumen-framework/src/Concerns/RoutesRequests.php(352): Laravel\\Lumen\\Application->callControllerCallable(Array, Array)
#16 /var/www/vendor/laravel/lumen-framework/src/Concerns/RoutesRequests.php(326): Laravel\\Lumen\\Application->callLumenController(Object(App\\Http\\Controllers\\Cleaning\\V1\\ProductController), 'getProduct', Array)
#17 /var/www/vendor/laravel/lumen-framework/src/Concerns/RoutesRequests.php(279): Laravel\\Lumen\\Application->callControllerAction(Array)
#18 /var/www/vendor/laravel/lumen-framework/src/Concerns/RoutesRequests.php(264): Laravel\\Lumen\\Application->callActionOnArrayBasedRoute(Array)
#19 /var/www/vendor/laravel/lumen-framework/src/Concerns/RoutesRequests.php(166): Laravel\\Lumen\\Application->handleFoundRoute(Array)
#20 [internal function]: Laravel\\Lumen\\Application->Laravel\\Lumen\\Concerns\\{closure}(Object(Laravel\\Lumen\\Http\\Request))
#21 /var/www/vendor/laravel/lumen-framework/src/Routing/Pipeline.php(48): call_user_func(Object(Closure), Object(Laravel\\Lumen\\Http\\Request))
#22 /var/www/vendor/fruitcake/laravel-cors/src/HandleCors.php(38): Laravel\\Lumen\\Routing\\Pipeline->Laravel\\Lumen\\Routing\\{closure}(Object(Laravel\\Lumen\\Http\\Request))
#23 /var/www/vendor/illuminate/pipeline/Pipeline.php(167): Fruitcake\\Cors\\HandleCors->handle(Object(Laravel\\Lumen\\Http\\Request), Object(Closure))
#24 [internal function]: Illuminate\\Pipeline\\Pipeline->Illuminate\\Pipeline\\{closure}(Object(Laravel\\Lumen\\Http\\Request))
#25 /var/www/vendor/laravel/lumen-framework/src/Routing/Pipeline.php(30): call_user_func(Object(Closure), Object(Laravel\\Lumen\\Http\\Request))
#26 /var/www/vendor/illuminate/pipeline/Pipeline.php(103): Laravel\\Lumen\\Routing\\Pipeline->Laravel\\Lumen\\Routing\\{closure}(Object(Laravel\\Lumen\\Http\\Request))
#27 /var/www/vendor/laravel/lumen-framework/src/Concerns/RoutesRequests.php(423): Illuminate\\Pipeline\\Pipeline->then(Object(Closure))
#28 /var/www/vendor/laravel/lumen-framework/src/Concerns/RoutesRequests.php(172): Laravel\\Lumen\\Application->sendThroughPipeline(Array, Object(Closure))
#29 /var/www/vendor/laravel/lumen-framework/src/Concerns/RoutesRequests.php(109): Laravel\\Lumen\\Application->dispatch(NULL)
#30 /var/www/public/index.php(28): Laravel\\Lumen\\Application->run()
#31 {main}

[previous exception] [object] (PDOException(code: 42S02): SQLSTATE[42S02]: Base table or view not found: 1146 Table 'cleaning.produk_layanan' doesn't exist at /var/www/vendor/illuminate/database/Connection.php:331)
[stacktrace]
#0 /var/www/vendor/illuminate/database/Connection.php(331): PDO->prepare('select `cleanin...')
#1 /var/www/vendor/illuminate/database/Connection.php(664): Illuminate\\Database\\Connection->Illuminate\\Database\\{closure}('select `cleanin...', Array)
#2 /var/www/vendor/illuminate/database/Connection.php(631): Illuminate\\Database\\Connection->runQueryCallback('select `cleanin...', Array, Object(Closure))
#3 /var/www/vendor/illuminate/database/Connection.php(339): Illuminate\\Database\\Connection->run('select `cleanin...', Array, Object(Closure))
#4 /var/www/vendor/illuminate/database/Query/Builder.php(2270): Illuminate\\Database\\Connection->select('select `cleanin...', Array, true)
#5 /var/www/vendor/illuminate/database/Query/Builder.php(2258): Illuminate\\Database\\Query\\Builder->runSelect()
#6 /var/www/vendor/illuminate/database/Query/Builder.php(2753): Illuminate\\Database\\Query\\Builder->Illuminate\\Database\\Query\\{closure}()
#7 /var/www/vendor/illuminate/database/Query/Builder.php(2259): Illuminate\\Database\\Query\\Builder->onceWithColumns(Array, Object(Closure))
#8 /var/www/vendor/illuminate/database/Eloquent/Builder.php(548): Illuminate\\Database\\Query\\Builder->get(Array)
#9 /var/www/vendor/illuminate/database/Eloquent/Builder.php(532): Illuminate\\Database\\Eloquent\\Builder->getModels(Array)
#10 /var/www/app/Http/Controllers/Cleaning/V1/ProductController.php(68): Illuminate\\Database\\Eloquent\\Builder->get()
#11 /var/www/vendor/illuminate/container/BoundMethod.php(36): App\\Http\\Controllers\\Cleaning\\V1\\ProductController->getProduct()
#12 /var/www/vendor/illuminate/container/Util.php(37): Illuminate\\Container\\BoundMethod::Illuminate\\Container\\{closure}()
#13 /var/www/vendor/illuminate/container/BoundMethod.php(93): Illuminate\\Container\\Util::unwrapIfClosure(Object(Closure))
#14 /var/www/vendor/illuminate/container/BoundMethod.php(37): Illuminate\\Container\\BoundMethod::callBoundMethod(Object(Laravel\\Lumen\\Application), Array, Object(Closure))
#15 /var/www/vendor/illuminate/container/Container.php(596): Illuminate\\Container\\BoundMethod::call(Object(Laravel\\Lumen\\Application), Array, Array, NULL)
#16 /var/www/vendor/laravel/lumen-framework/src/Concerns/RoutesRequests.php(386): Illuminate\\Container\\Container->call(Array, Array)
#17 /var/www/vendor/laravel/lumen-framework/src/Concerns/RoutesRequests.php(352): Laravel\\Lumen\\Application->callControllerCallable(Array, Array)
#18 /var/www/vendor/laravel/lumen-framework/src/Concerns/RoutesRequests.php(326): Laravel\\Lumen\\Application->callLumenController(Object(App\\Http\\Controllers\\Cleaning\\V1\\ProductController), 'getProduct', Array)
#19 /var/www/vendor/laravel/lumen-framework/src/Concerns/RoutesRequests.php(279): Laravel\\Lumen\\Application->callControllerAction(Array)
#20 /var/www/vendor/laravel/lumen-framework/src/Concerns/RoutesRequests.php(264): Laravel\\Lumen\\Application->callActionOnArrayBasedRoute(Array)
#21 /var/www/vendor/laravel/lumen-framework/src/Concerns/RoutesRequests.php(166): Laravel\\Lumen\\Application->handleFoundRoute(Array)
#22 [internal function]: Laravel\\Lumen\\Application->Laravel\\Lumen\\Concerns\\{closure}(Object(Laravel\\Lumen\\Http\\Request))
#23 /var/www/vendor/laravel/lumen-framework/src/Routing/Pipeline.php(48): call_user_func(Object(Closure), Object(Laravel\\Lumen\\Http\\Request))
#24 /var/www/vendor/fruitcake/laravel-cors/src/HandleCors.php(38): Laravel\\Lumen\\Routing\\Pipeline->Laravel\\Lumen\\Routing\\{closure}(Object(Laravel\\Lumen\\Http\\Request))
#25 /var/www/vendor/illuminate/pipeline/Pipeline.php(167): Fruitcake\\Cors\\HandleCors->handle(Object(Laravel\\Lumen\\Http\\Request), Object(Closure))
#26 [internal function]: Illuminate\\Pipeline\\Pipeline->Illuminate\\Pipeline\\{closure}(Object(Laravel\\Lumen\\Http\\Request))
#27 /var/www/vendor/laravel/lumen-framework/src/Routing/Pipeline.php(30): call_user_func(Object(Closure), Object(Laravel\\Lumen\\Http\\Request))
#28 /var/www/vendor/illuminate/pipeline/Pipeline.php(103): Laravel\\Lumen\\Routing\\Pipeline->Laravel\\Lumen\\Routing\\{closure}(Object(Laravel\\Lumen\\Http\\Request))
#29 /var/www/vendor/laravel/lumen-framework/src/Concerns/RoutesRequests.php(423): Illuminate\\Pipeline\\Pipeline->then(Object(Closure))
#30 /var/www/vendor/laravel/lumen-framework/src/Concerns/RoutesRequests.php(172): Laravel\\Lumen\\Application->sendThroughPipeline(Array, Object(Closure))
#31 /var/www/vendor/laravel/lumen-framework/src/Concerns/RoutesRequests.php(109): Laravel\\Lumen\\Application->dispatch(NULL)
#32 /var/www/public/index.php(28): Laravel\\Lumen\\Application->run()
#33 {main}
"} 
