[2021-10-26 04:03:26] local.ERROR: Token has expired {"exception":"[object] (Tymon\\JWTAuth\\Exceptions\\TokenExpiredException(code: 0): Token has expired at /var/www/vendor/tymon/jwt-auth/src/Claims/Expiration.php:31)
[stacktrace]
#0 [internal function]: Tymon\\JWTAuth\\Claims\\Expiration->validatePayload()
#1 /var/www/vendor/tymon/jwt-auth/src/Claims/Collection.php(61): call_user_func_array(Array, Array)
#2 /var/www/vendor/illuminate/support/Traits/EnumeratesValues.php(202): Tymon\\JWTAuth\\Claims\\Collection->Tymon\\JWTAuth\\Claims\\{closure}(Object(Tymon\\JWTAuth\\Claims\\Expiration), 'exp')
#3 /var/www/vendor/tymon/jwt-auth/src/Claims/Collection.php(64): Illuminate\\Support\\Collection->each(Object(Closure))
#4 /var/www/vendor/tymon/jwt-auth/src/Validators/PayloadValidator.php(83): Tymon\\JWTAuth\\Claims\\Collection->validate('payload')
#5 /var/www/vendor/tymon/jwt-auth/src/Validators/PayloadValidator.php(51): Tymon\\JWTAuth\\Validators\\PayloadValidator->validatePayload(Object(Tymon\\JWTAuth\\Claims\\Collection))
#6 /var/www/vendor/tymon/jwt-auth/src/Payload.php(46): Tymon\\JWTAuth\\Validators\\PayloadValidator->check(Object(Tymon\\JWTAuth\\Claims\\Collection))
#7 /var/www/vendor/tymon/jwt-auth/src/Factory.php(185): Tymon\\JWTAuth\\Payload->__construct(Object(Tymon\\JWTAuth\\Claims\\Collection), Object(Tymon\\JWTAuth\\Validators\\PayloadValidator), false)
#8 /var/www/vendor/tymon/jwt-auth/src/Factory.php(87): Tymon\\JWTAuth\\Factory->withClaims(Object(Tymon\\JWTAuth\\Claims\\Collection))
#9 /var/www/vendor/tymon/jwt-auth/src/JWT.php(234): Tymon\\JWTAuth\\Factory->make()
#10 /var/www/vendor/tymon/jwt-auth/src/JWT.php(76): Tymon\\JWTAuth\\JWT->makePayload(Object(App\\User))
#11 /var/www/vendor/tymon/jwt-auth/src/JWT.php(90): Tymon\\JWTAuth\\JWT->fromSubject(Object(App\\User))
#12 /var/www/vendor/tymon/jwt-auth/src/JWTAuth.php(54): Tymon\\JWTAuth\\JWT->fromUser(Object(App\\User))
#13 /var/www/vendor/illuminate/support/Facades/Facade.php(261): Tymon\\JWTAuth\\JWTAuth->attempt(Array)
#14 /var/www/app/Http/Controllers/Account/V1/AuthController.php(123): Illuminate\\Support\\Facades\\Facade::__callStatic('attempt', Array)
#15 /var/www/vendor/illuminate/container/BoundMethod.php(36): App\\Http\\Controllers\\Account\\V1\\AuthController->login(Object(Laravel\\Lumen\\Http\\Request))
#16 /var/www/vendor/illuminate/container/Util.php(37): Illuminate\\Container\\BoundMethod::Illuminate\\Container\\{closure}()
#17 /var/www/vendor/illuminate/container/BoundMethod.php(93): Illuminate\\Container\\Util::unwrapIfClosure(Object(Closure))
#18 /var/www/vendor/illuminate/container/BoundMethod.php(37): Illuminate\\Container\\BoundMethod::callBoundMethod(Object(Laravel\\Lumen\\Application), Array, Object(Closure))
#19 /var/www/vendor/illuminate/container/Container.php(596): Illuminate\\Container\\BoundMethod::call(Object(Laravel\\Lumen\\Application), Array, Array, NULL)
#20 /var/www/vendor/laravel/lumen-framework/src/Concerns/RoutesRequests.php(386): Illuminate\\Container\\Container->call(Array, Array)
#21 /var/www/vendor/laravel/lumen-framework/src/Concerns/RoutesRequests.php(352): Laravel\\Lumen\\Application->callControllerCallable(Array, Array)
#22 /var/www/vendor/laravel/lumen-framework/src/Concerns/RoutesRequests.php(326): Laravel\\Lumen\\Application->callLumenController(Object(App\\Http\\Controllers\\Account\\V1\\AuthController), 'login', Array)
#23 /var/www/vendor/laravel/lumen-framework/src/Concerns/RoutesRequests.php(279): Laravel\\Lumen\\Application->callControllerAction(Array)
#24 /var/www/vendor/laravel/lumen-framework/src/Concerns/RoutesRequests.php(264): Laravel\\Lumen\\Application->callActionOnArrayBasedRoute(Array)
#25 /var/www/vendor/laravel/lumen-framework/src/Concerns/RoutesRequests.php(166): Laravel\\Lumen\\Application->handleFoundRoute(Array)
#26 [internal function]: Laravel\\Lumen\\Application->Laravel\\Lumen\\Concerns\\{closure}(Object(Laravel\\Lumen\\Http\\Request))
#27 /var/www/vendor/laravel/lumen-framework/src/Routing/Pipeline.php(48): call_user_func(Object(Closure), Object(Laravel\\Lumen\\Http\\Request))
#28 /var/www/vendor/fruitcake/laravel-cors/src/HandleCors.php(38): Laravel\\Lumen\\Routing\\Pipeline->Laravel\\Lumen\\Routing\\{closure}(Object(Laravel\\Lumen\\Http\\Request))
#29 /var/www/vendor/illuminate/pipeline/Pipeline.php(167): Fruitcake\\Cors\\HandleCors->handle(Object(Laravel\\Lumen\\Http\\Request), Object(Closure))
#30 [internal function]: Illuminate\\Pipeline\\Pipeline->Illuminate\\Pipeline\\{closure}(Object(Laravel\\Lumen\\Http\\Request))
#31 /var/www/vendor/laravel/lumen-framework/src/Routing/Pipeline.php(30): call_user_func(Object(Closure), Object(Laravel\\Lumen\\Http\\Request))
#32 /var/www/vendor/illuminate/pipeline/Pipeline.php(103): Laravel\\Lumen\\Routing\\Pipeline->Laravel\\Lumen\\Routing\\{closure}(Object(Laravel\\Lumen\\Http\\Request))
#33 /var/www/vendor/laravel/lumen-framework/src/Concerns/RoutesRequests.php(423): Illuminate\\Pipeline\\Pipeline->then(Object(Closure))
#34 /var/www/vendor/laravel/lumen-framework/src/Concerns/RoutesRequests.php(172): Laravel\\Lumen\\Application->sendThroughPipeline(Array, Object(Closure))
#35 /var/www/vendor/laravel/lumen-framework/src/Concerns/RoutesRequests.php(109): Laravel\\Lumen\\Application->dispatch(NULL)
#36 /var/www/public/index.php(28): Laravel\\Lumen\\Application->run()
#37 {main}
"} 
[2021-10-26 04:03:49] local.ERROR: Token has expired {"exception":"[object] (Tymon\\JWTAuth\\Exceptions\\TokenExpiredException(code: 0): Token has expired at /var/www/vendor/tymon/jwt-auth/src/Claims/Expiration.php:31)
[stacktrace]
#0 [internal function]: Tymon\\JWTAuth\\Claims\\Expiration->validatePayload()
#1 /var/www/vendor/tymon/jwt-auth/src/Claims/Collection.php(61): call_user_func_array(Array, Array)
#2 /var/www/vendor/illuminate/support/Traits/EnumeratesValues.php(202): Tymon\\JWTAuth\\Claims\\Collection->Tymon\\JWTAuth\\Claims\\{closure}(Object(Tymon\\JWTAuth\\Claims\\Expiration), 'exp')
#3 /var/www/vendor/tymon/jwt-auth/src/Claims/Collection.php(64): Illuminate\\Support\\Collection->each(Object(Closure))
#4 /var/www/vendor/tymon/jwt-auth/src/Validators/PayloadValidator.php(83): Tymon\\JWTAuth\\Claims\\Collection->validate('payload')
#5 /var/www/vendor/tymon/jwt-auth/src/Validators/PayloadValidator.php(51): Tymon\\JWTAuth\\Validators\\PayloadValidator->validatePayload(Object(Tymon\\JWTAuth\\Claims\\Collection))
#6 /var/www/vendor/tymon/jwt-auth/src/Payload.php(46): Tymon\\JWTAuth\\Validators\\PayloadValidator->check(Object(Tymon\\JWTAuth\\Claims\\Collection))
#7 /var/www/vendor/tymon/jwt-auth/src/Factory.php(185): Tymon\\JWTAuth\\Payload->__construct(Object(Tymon\\JWTAuth\\Claims\\Collection), Object(Tymon\\JWTAuth\\Validators\\PayloadValidator), false)
#8 /var/www/vendor/tymon/jwt-auth/src/Factory.php(87): Tymon\\JWTAuth\\Factory->withClaims(Object(Tymon\\JWTAuth\\Claims\\Collection))
#9 /var/www/vendor/tymon/jwt-auth/src/JWT.php(234): Tymon\\JWTAuth\\Factory->make()
#10 /var/www/vendor/tymon/jwt-auth/src/JWT.php(76): Tymon\\JWTAuth\\JWT->makePayload(Object(App\\User))
#11 /var/www/vendor/tymon/jwt-auth/src/JWT.php(90): Tymon\\JWTAuth\\JWT->fromSubject(Object(App\\User))
#12 /var/www/vendor/tymon/jwt-auth/src/JWTAuth.php(54): Tymon\\JWTAuth\\JWT->fromUser(Object(App\\User))
#13 /var/www/vendor/illuminate/support/Facades/Facade.php(261): Tymon\\JWTAuth\\JWTAuth->attempt(Array)
#14 /var/www/app/Http/Controllers/Account/V1/AuthController.php(123): Illuminate\\Support\\Facades\\Facade::__callStatic('attempt', Array)
#15 /var/www/vendor/illuminate/container/BoundMethod.php(36): App\\Http\\Controllers\\Account\\V1\\AuthController->login(Object(Laravel\\Lumen\\Http\\Request))
#16 /var/www/vendor/illuminate/container/Util.php(37): Illuminate\\Container\\BoundMethod::Illuminate\\Container\\{closure}()
#17 /var/www/vendor/illuminate/container/BoundMethod.php(93): Illuminate\\Container\\Util::unwrapIfClosure(Object(Closure))
#18 /var/www/vendor/illuminate/container/BoundMethod.php(37): Illuminate\\Container\\BoundMethod::callBoundMethod(Object(Laravel\\Lumen\\Application), Array, Object(Closure))
#19 /var/www/vendor/illuminate/container/Container.php(596): Illuminate\\Container\\BoundMethod::call(Object(Laravel\\Lumen\\Application), Array, Array, NULL)
#20 /var/www/vendor/laravel/lumen-framework/src/Concerns/RoutesRequests.php(386): Illuminate\\Container\\Container->call(Array, Array)
#21 /var/www/vendor/laravel/lumen-framework/src/Concerns/RoutesRequests.php(352): Laravel\\Lumen\\Application->callControllerCallable(Array, Array)
#22 /var/www/vendor/laravel/lumen-framework/src/Concerns/RoutesRequests.php(326): Laravel\\Lumen\\Application->callLumenController(Object(App\\Http\\Controllers\\Account\\V1\\AuthController), 'login', Array)
#23 /var/www/vendor/laravel/lumen-framework/src/Concerns/RoutesRequests.php(279): Laravel\\Lumen\\Application->callControllerAction(Array)
#24 /var/www/vendor/laravel/lumen-framework/src/Concerns/RoutesRequests.php(264): Laravel\\Lumen\\Application->callActionOnArrayBasedRoute(Array)
#25 /var/www/vendor/laravel/lumen-framework/src/Concerns/RoutesRequests.php(166): Laravel\\Lumen\\Application->handleFoundRoute(Array)
#26 [internal function]: Laravel\\Lumen\\Application->Laravel\\Lumen\\Concerns\\{closure}(Object(Laravel\\Lumen\\Http\\Request))
#27 /var/www/vendor/laravel/lumen-framework/src/Routing/Pipeline.php(48): call_user_func(Object(Closure), Object(Laravel\\Lumen\\Http\\Request))
#28 /var/www/vendor/fruitcake/laravel-cors/src/HandleCors.php(38): Laravel\\Lumen\\Routing\\Pipeline->Laravel\\Lumen\\Routing\\{closure}(Object(Laravel\\Lumen\\Http\\Request))
#29 /var/www/vendor/illuminate/pipeline/Pipeline.php(167): Fruitcake\\Cors\\HandleCors->handle(Object(Laravel\\Lumen\\Http\\Request), Object(Closure))
#30 [internal function]: Illuminate\\Pipeline\\Pipeline->Illuminate\\Pipeline\\{closure}(Object(Laravel\\Lumen\\Http\\Request))
#31 /var/www/vendor/laravel/lumen-framework/src/Routing/Pipeline.php(30): call_user_func(Object(Closure), Object(Laravel\\Lumen\\Http\\Request))
#32 /var/www/vendor/illuminate/pipeline/Pipeline.php(103): Laravel\\Lumen\\Routing\\Pipeline->Laravel\\Lumen\\Routing\\{closure}(Object(Laravel\\Lumen\\Http\\Request))
#33 /var/www/vendor/laravel/lumen-framework/src/Concerns/RoutesRequests.php(423): Illuminate\\Pipeline\\Pipeline->then(Object(Closure))
#34 /var/www/vendor/laravel/lumen-framework/src/Concerns/RoutesRequests.php(172): Laravel\\Lumen\\Application->sendThroughPipeline(Array, Object(Closure))
#35 /var/www/vendor/laravel/lumen-framework/src/Concerns/RoutesRequests.php(109): Laravel\\Lumen\\Application->dispatch(NULL)
#36 /var/www/public/index.php(28): Laravel\\Lumen\\Application->run()
#37 {main}
"} 
